I tensorflow/stream_executor/dso_loader.cc:111] successfully opened CUDA library libcublas.so locally
I tensorflow/stream_executor/dso_loader.cc:111] successfully opened CUDA library libcudnn.so locally
I tensorflow/stream_executor/dso_loader.cc:111] successfully opened CUDA library libcufft.so locally
I tensorflow/stream_executor/dso_loader.cc:111] successfully opened CUDA library libcuda.so.1 locally
I tensorflow/stream_executor/dso_loader.cc:111] successfully opened CUDA library libcurand.so locally
I tensorflow/core/common_runtime/gpu/gpu_device.cc:951] Found device 0 with properties: 
name: Tesla K20m
major: 3 minor: 5 memoryClockRate (GHz) 0.7055
pciBusID 0000:03:00.0
Total memory: 4.69GiB
Free memory: 4.61GiB
W tensorflow/stream_executor/cuda/cuda_driver.cc:572] creating context when one is currently active; existing: 0x24ff2720
I tensorflow/core/common_runtime/gpu/gpu_device.cc:951] Found device 1 with properties: 
name: Tesla K20m
major: 3 minor: 5 memoryClockRate (GHz) 0.7055
pciBusID 0000:83:00.0
Total memory: 4.69GiB
Free memory: 4.61GiB
I tensorflow/core/common_runtime/gpu/gpu_device.cc:855] cannot enable peer access from device ordinal 0 to device ordinal 1
I tensorflow/core/common_runtime/gpu/gpu_device.cc:855] cannot enable peer access from device ordinal 1 to device ordinal 0
I tensorflow/core/common_runtime/gpu/gpu_device.cc:972] DMA: 0 1 
I tensorflow/core/common_runtime/gpu/gpu_device.cc:982] 0:   Y N 
I tensorflow/core/common_runtime/gpu/gpu_device.cc:982] 1:   N Y 
I tensorflow/core/common_runtime/gpu/gpu_device.cc:1041] Creating TensorFlow device (/gpu:0) -> (device: 0, name: Tesla K20m, pci bus id: 0000:03:00.0)
I tensorflow/core/common_runtime/gpu/gpu_device.cc:1041] Creating TensorFlow device (/gpu:1) -> (device: 1, name: Tesla K20m, pci bus id: 0000:83:00.0)

Running with stride 5 and seed 3000
(1, 196, 117660)
(156, 117660)
1280
(?, 600)
(?, 100)
started learning...
step 0, training (test) accuracy 0.025, cost 19058.5
step 0, training (test) accuracy 0.025, cost 13160.2
step 0, training (test) accuracy 0, cost 9640.64
step 0, training (test) accuracy 0, cost 8588.59
step 25, training (test) accuracy 0.375, cost 285.489
step 25, training (test) accuracy 0.4, cost 267.129
step 25, training (test) accuracy 0.375, cost 256.712
step 25, training (test) accuracy 0.4, cost 249.237
step 50, training (test) accuracy 0.4, cost 71.8701
step 50, training (test) accuracy 0.4, cost 70.8352
step 50, training (test) accuracy 0.375, cost 73.0985
step 50, training (test) accuracy 0.3, cost 77.1904
step 75, training (test) accuracy 0.45, cost 39.1038
step 75, training (test) accuracy 0.525, cost 38.3186
step 75, training (test) accuracy 0.5, cost 35.7623
step 75, training (test) accuracy 0.5, cost 35.1399
step 100, training (test) accuracy 0.5, cost 31.0472
step 100, training (test) accuracy 0.5, cost 33.0561
step 100, training (test) accuracy 0.525, cost 34.6614
step 100, training (test) accuracy 0.525, cost 35.297
step 125, training (test) accuracy 0.525, cost 27.9703
step 125, training (test) accuracy 0.525, cost 28.5052
step 125, training (test) accuracy 0.55, cost 28.8662
step 125, training (test) accuracy 0.525, cost 29.517
step 150, training (test) accuracy 0.525, cost 31.4171
step 150, training (test) accuracy 0.575, cost 31.7377
step 150, training (test) accuracy 0.575, cost 32.2431
step 150, training (test) accuracy 0.575, cost 32.1244
step 175, training (test) accuracy 0.6, cost 26.0102
step 175, training (test) accuracy 0.55, cost 26.5425
step 175, training (test) accuracy 0.55, cost 27.1246
step 175, training (test) accuracy 0.525, cost 27.351
step 200, training (test) accuracy 0.55, cost 25.2755
step 200, training (test) accuracy 0.525, cost 25.0991
step 200, training (test) accuracy 0.55, cost 25.1163
step 200, training (test) accuracy 0.525, cost 25.5636
step 225, training (test) accuracy 0.575, cost 31.753
step 225, training (test) accuracy 0.575, cost 31.6798
step 225, training (test) accuracy 0.575, cost 31.684
step 225, training (test) accuracy 0.6, cost 31.9038
step 250, training (test) accuracy 0.55, cost 33.4928
step 250, training (test) accuracy 0.55, cost 33.4173
step 250, training (test) accuracy 0.55, cost 33.3711
step 250, training (test) accuracy 0.575, cost 33.4114
step 275, training (test) accuracy 0.575, cost 34.3539
step 275, training (test) accuracy 0.55, cost 34.503
step 275, training (test) accuracy 0.55, cost 34.7106
step 275, training (test) accuracy 0.5, cost 34.9389
step 300, training (test) accuracy 0.45, cost 41.0803
step 300, training (test) accuracy 0.45, cost 41.5372
step 300, training (test) accuracy 0.45, cost 41.8404
step 300, training (test) accuracy 0.45, cost 42.0207
step 318, training (test) accuracy 0.65, cost 33.513
[10 17 11  7 12 15  4  5  9  2 19  6  7 11  2 13  1  2  1  1  1  8  2  8  8
 17  2  2  2  2  1  1  1  2  2  2  1 11  8  8]
[10 12 11 18 12 15  4  5  9  5  3  6  7 11 14 14  1  2  1 13  2  8  2 14 14
 17  2  2  2  2  1  1  1  2  1  1  2  0  8  8]
step 319, training (test) accuracy 0.675, cost 33.1442
[10 17 11  7 12 15  4  5  9  2 19  6  7 11  2 13  1  2  1  1  1  8  2  8  8
 17  2  2  2  2  1  1  1  2  2  2  1  0  8  8]
[10 12 11 18 12 15  4  5  9  5  3  6  7 11 14 14  1  2  1 13  2  8  2 14 14
 17  2  2  2  2  1  1  1  2  1  1  2  0  8  8]
step 319, training (test) accuracy 0.675, cost 32.7078
[10 17 11  7 12 15  4  5  9  2 19  6  7 11  2 13  1  2  1  1  1  8  2  8  8
 17  2  2  2  2  1  1  1  2  2  2  1  0  8  8]
[10 12 11 18 12 15  4  5  9  5  3  6  7 11 14 14  1  2  1 13  2  8  2 14 14
 17  2  2  2  2  1  1  1  2  1  1  2  0  8  8]
step 319, training (test) accuracy 0.675, cost 32.3539
[10 17 11  7 12 15  4  5  9 10 19  6  7 11  2 13  1  2  1  1  1  8  2  8  8
 17  2  2  2  2  1  1  1  2  2  2  1  0  8  8]
[10 12 11 18 12 15  4  5  9  5  3  6  7 11 14 14  1  2  1 13  2  8  2 14 14
 17  2  2  2  2  1  1  1  2  1  1  2  0  8  8]
step 320, training (test) accuracy 0.675, cost 30.9098
[10 17 11  7 12 15  4  5  9 10 19  6  7 11  2 13  1  2  1  1  1  8  2  8  8
 17  2  2  2  2  1  1  1  2  1  2  1 11  8  8]
[10 12 11 18 12 15  4  5  9  5  3  6  7 11 14 14  1  2  1 13  2  8  2 14 14
 17  2  2  2  2  1  1  1  2  1  1  2  0  8  8]
step 325, training (test) accuracy 0.575, cost 31.2389
step 325, training (test) accuracy 0.6, cost 31.5578
step 325, training (test) accuracy 0.575, cost 31.8718
step 325, training (test) accuracy 0.625, cost 31.8673
step 350, training (test) accuracy 0.5, cost 34.9284
step 350, training (test) accuracy 0.525, cost 34.4146
step 350, training (test) accuracy 0.55, cost 33.9865
step 350, training (test) accuracy 0.575, cost 33.6571
step 375, training (test) accuracy 0.6, cost 27.6101
step 375, training (test) accuracy 0.6, cost 27.6082
step 375, training (test) accuracy 0.6, cost 27.6079
step 375, training (test) accuracy 0.6, cost 27.5967
step 400, training (test) accuracy 0.625, cost 33.6063
step 400, training (test) accuracy 0.625, cost 33.6913
step 400, training (test) accuracy 0.6, cost 33.7517
step 400, training (test) accuracy 0.6, cost 33.9126
step 405, training (test) accuracy 0.675, cost 32.0367
[10  3 11  7 12 15  4  5  9  5 19 11  7 11  2 13  1  2  1  1  2  8  2 14  8
 17  2  2  2  2  1  1  1  0 17  2  1 17  8  8]
[10 12 11 18 12 15  4  5  9  5  3  6  7 11 14 14  1  2  1 13  2  8  2 14 14
 17  2  2  2  2  1  1  1  2  1  1  2  0  8  8]
step 405, training (test) accuracy 0.675, cost 31.8875
[10  3 11  7 12 15  4  5  9  5 19 11  7 11  2 13  1  2  1  1  2  8  2 14  8
 17  2  2  2  2  1  1  1  0 17  2  1 17  8  8]
[10 12 11 18 12 15  4  5  9  5  3  6  7 11 14 14  1  2  1 13  2  8  2 14 14
 17  2  2  2  2  1  1  1  2  1  1  2  0  8  8]
step 425, training (test) accuracy 0.525, cost 35.0638
step 425, training (test) accuracy 0.525, cost 35.4095
step 425, training (test) accuracy 0.525, cost 35.6573
step 425, training (test) accuracy 0.525, cost 35.8093
step 437, training (test) accuracy 0.675, cost 27.666
[10  3 11  7 12 15  4  5  9 10 19  4  7 11  2 13  1  2  1  1  1  8  2 14  8
 17  2  2  2  2  1  1  1  2  2 13  1  0  8  8]
[10 12 11 18 12 15  4  5  9  5  3  6  7 11 14 14  1  2  1 13  2  8  2 14 14
 17  2  2  2  2  1  1  1  2  1  1  2  0  8  8]
step 438, training (test) accuracy 0.675, cost 27.5599
[10  3 11  7 12 15  4  5  9 10 19  4  7 11  2 13  1  2  1  1  1  8  2 14  8
 17  2  2  2  2  1  1  1  2  2 13  1  0  8  8]
[10 12 11 18 12 15  4  5  9  5  3  6  7 11 14 14  1  2  1 13  2  8  2 14 14
 17  2  2  2  2  1  1  1  2  1  1  2  0  8  8]
step 438, training (test) accuracy 0.675, cost 27.2527
[10  3 11  7 12 15  4  5  9 10 19  4  7 11  2 13  1  2  1  1  1  8  2 14  8
 17  2  2  2  2  1  1  1  2  2 13  1  0  8  8]
[10 12 11 18 12 15  4  5  9  5  3  6  7 11 14 14  1  2  1 13  2  8  2 14 14
 17  2  2  2  2  1  1  1  2  1  1  2  0  8  8]
step 438, training (test) accuracy 0.675, cost 26.9477
[10  3 11  7 12 15  4  5  9 10 19  4  7 11  2 13  1  2  1  1  1  8  2 14  8
 17  2  2  2  2  1  1  1  2  2 13  1  0  8  8]
[10 12 11 18 12 15  4  5  9  5  3  6  7 11 14 14  1  2  1 13  2  8  2 14 14
 17  2  2  2  2  1  1  1  2  1  1  2  0  8  8]
step 438, training (test) accuracy 0.675, cost 26.8208
[10  3 11  7 12 15  4  5  9 10 19  4  7 11  2 13  1  2  1  1  1  8  2 14  8
 17  2  2  2  2  1  1  1  2  2 17  1  0  8  8]
[10 12 11 18 12 15  4  5  9  5  3  6  7 11 14 14  1  2  1 13  2  8  2 14 14
 17  2  2  2  2  1  1  1  2  1  1  2  0  8  8]
step 439, training (test) accuracy 0.675, cost 26.9378
[10  3 11  7 12 15  4  5  9 10 19  4  7 11  2 13  1  2  1  1  1  8  2 14  8
 17  2  2  2  2  1  1  1  2  2 17  1  0  8  8]
[10 12 11 18 12 15  4  5  9  5  3  6  7 11 14 14  1  2  1 13  2  8  2 14 14
 17  2  2  2  2  1  1  1  2  1  1  2  0  8  8]
step 439, training (test) accuracy 0.675, cost 27.2045
[10  3 11  7 12 15  4  5  9 10 19  4  7 11  2 13  1  2  1  1  1  8  2 14  8
 17  2  2  2  2  1  1  1  2  2 17  1  0  8  8]
[10 12 11 18 12 15  4  5  9  5  3  6  7 11 14 14  1  2  1 13  2  8  2 14 14
 17  2  2  2  2  1  1  1  2  1  1  2  0  8  8]
step 450, training (test) accuracy 0.525, cost 44.6891
step 450, training (test) accuracy 0.525, cost 44.84
step 450, training (test) accuracy 0.525, cost 43.7288
step 450, training (test) accuracy 0.5, cost 42.4833
step 475, training (test) accuracy 0.525, cost 37.2215
step 475, training (test) accuracy 0.525, cost 37.4883
step 475, training (test) accuracy 0.55, cost 37.1274
step 475, training (test) accuracy 0.55, cost 36.8131
step 496, training (test) accuracy 0.675, cost 33.2159
[10  3 11  7 12 15  4  5  9 10  6 11  7 11  2 13  1  2  1  1  2  8  2  8  8
 17  1  2  2  2  1  1  1  2  1 13  1  0  8  8]
[10 12 11 18 12 15  4  5  9  5  3  6  7 11 14 14  1  2  1 13  2  8  2 14 14
 17  2  2  2  2  1  1  1  2  1  1  2  0  8  8]
step 497, training (test) accuracy 0.675, cost 33.1823
[10  3 11  7 12 15  4  5  9 10  6 11  7 11  2 13  1  2  1  1  2  8  2  8  8
 17  1  2  2  2  1  1  1  2  1 13  1  0  8  8]
[10 12 11 18 12 15  4  5  9  5  3  6  7 11 14 14  1  2  1 13  2  8  2 14 14
 17  2  2  2  2  1  1  1  2  1  1  2  0  8  8]
step 500, training (test) accuracy 0.575, cost 38.1853
step 500, training (test) accuracy 0.55, cost 38.3737
step 500, training (test) accuracy 0.575, cost 38.4457
step 500, training (test) accuracy 0.575, cost 38.549
step 525, training (test) accuracy 0.575, cost 38.7479
step 525, training (test) accuracy 0.575, cost 38.7286
step 525, training (test) accuracy 0.575, cost 38.7383
step 525, training (test) accuracy 0.575, cost 39.0065
step 550, training (test) accuracy 0.6, cost 34.565
step 550, training (test) accuracy 0.575, cost 34.6968
step 550, training (test) accuracy 0.575, cost 34.9015
step 550, training (test) accuracy 0.55, cost 35.3444
step 575, training (test) accuracy 0.6, cost 36.9539
step 575, training (test) accuracy 0.6, cost 36.5301
step 575, training (test) accuracy 0.625, cost 36.1325
step 575, training (test) accuracy 0.6, cost 35.8448
step 600, training (test) accuracy 0.65, cost 32.9903
step 600, training (test) accuracy 0.65, cost 33.0522
step 600, training (test) accuracy 0.65, cost 33.117
step 600, training (test) accuracy 0.65, cost 33.1705
step 606, training (test) accuracy 0.675, cost 29.9497
[10  2 11 18 12 15  4  5  9 10 19 11  7 11  2 13  1  2  1  1  2  8  2 14  8
 17  2  2  2  2  1 13  1  2 13 13  1 11  8  8]
[10 12 11 18 12 15  4  5  9  5  3  6  7 11 14 14  1  2  1 13  2  8  2 14 14
 17  2  2  2  2  1  1  1  2  1  1  2  0  8  8]
step 606, training (test) accuracy 0.675, cost 30.2493
[10  2 11 18 12 15  4  5  9 10 19 11  7 11  2 13  1  2  1  1  2  8  2 14  8
 17  2  2  2  2  1 13  1  2 13 13  1 11  8  8]
[10 12 11 18 12 15  4  5  9  5  3  6  7 11 14 14  1  2  1 13  2  8  2 14 14
 17  2  2  2  2  1  1  1  2  1  1  2  0  8  8]
step 624, training (test) accuracy 0.675, cost 32.4361
[10  3 11  7 12 15  4  5  9 10 19 11  7 11  2 13  1  2  1  1  2  8  2  8  8
 17  1  2  2  2  1  1  1  2  1 13  1  0  8  8]
[10 12 11 18 12 15  4  5  9  5  3  6  7 11 14 14  1  2  1 13  2  8  2 14 14
 17  2  2  2  2  1  1  1  2  1  1  2  0  8  8]
step 624, training (test) accuracy 0.675, cost 32.3785
[10  3 11  7 12 15  4  5  9 10 19 11  7 11  2 13  1  2  1  1  2  8  2  8  8
 17  1  2  2  2  1  1  1  2  1 13  1  0  8  8]
[10 12 11 18 12 15  4  5  9  5  3  6  7 11 14 14  1  2  1 13  2  8  2 14 14
 17  2  2  2  2  1  1  1  2  1  1  2  0  8  8]
step 624, training (test) accuracy 0.675, cost 32.3923
[10  3 11  7 12 15  4  5  9  1 19 11  7 11  2 13  1  2  1  1  2  8  2  8  8
 17  1  2  2  2  1  1  1  2  1 13  1  0  8  8]
[10 12 11 18 12 15  4  5  9  5  3  6  7 11 14 14  1  2  1 13  2  8  2 14 14
 17  2  2  2  2  1  1  1  2  1  1  2  0  8  8]
step 625, training (test) accuracy 0.65, cost 32.8745
step 625, training (test) accuracy 0.625, cost 33.6308
step 625, training (test) accuracy 0.625, cost 34.5774
step 625, training (test) accuracy 0.625, cost 35.3489
step 650, training (test) accuracy 0.6, cost 37.6623
step 650, training (test) accuracy 0.6, cost 37.734
step 650, training (test) accuracy 0.6, cost 38.1752
step 650, training (test) accuracy 0.6, cost 38.5389
step 675, training (test) accuracy 0.625, cost 29.6364
step 675, training (test) accuracy 0.625, cost 29.8302
step 675, training (test) accuracy 0.625, cost 30.0773
step 675, training (test) accuracy 0.625, cost 30.2703
step 700, training (test) accuracy 0.575, cost 34.9135
step 700, training (test) accuracy 0.575, cost 34.4893
step 700, training (test) accuracy 0.6, cost 34.1757
step 700, training (test) accuracy 0.625, cost 34.3001
step 725, training (test) accuracy 0.5, cost 39.3666
step 725, training (test) accuracy 0.5, cost 39.4267
step 725, training (test) accuracy 0.525, cost 39.4624
step 725, training (test) accuracy 0.525, cost 39.4837
step 750, training (test) accuracy 0.6, cost 37.1816
step 750, training (test) accuracy 0.6, cost 37.4237
step 750, training (test) accuracy 0.575, cost 36.9953
step 750, training (test) accuracy 0.55, cost 37.2674
step 775, training (test) accuracy 0.6, cost 33.6084
step 775, training (test) accuracy 0.6, cost 33.5473
step 775, training (test) accuracy 0.6, cost 33.6454
step 775, training (test) accuracy 0.6, cost 33.7204
step 800, training (test) accuracy 0.475, cost 45.6425
step 800, training (test) accuracy 0.45, cost 44.7148
step 800, training (test) accuracy 0.425, cost 44.0485
step 800, training (test) accuracy 0.45, cost 43.4664
step 825, training (test) accuracy 0.525, cost 38.6697
step 825, training (test) accuracy 0.5, cost 39.1309
step 825, training (test) accuracy 0.5, cost 39.6824
step 825, training (test) accuracy 0.5, cost 40.1682
step 850, training (test) accuracy 0.575, cost 33.4624
step 850, training (test) accuracy 0.575, cost 33.4237
step 850, training (test) accuracy 0.55, cost 33.3119
step 850, training (test) accuracy 0.55, cost 33.2244
step 875, training (test) accuracy 0.625, cost 41.6328
step 875, training (test) accuracy 0.65, cost 41.6573
step 875, training (test) accuracy 0.65, cost 41.7978
step 875, training (test) accuracy 0.625, cost 42.3191
step 900, training (test) accuracy 0.625, cost 33.5216
step 900, training (test) accuracy 0.625, cost 33.9374
step 900, training (test) accuracy 0.625, cost 34.3741
step 900, training (test) accuracy 0.625, cost 34.7844
step 903, training (test) accuracy 0.7, cost 32.6917
[10  3 11  7 12 15  4  5  9 10 19  4  7 11  2  2  1  2  1  1  2  8  2 14  8
 17  2  2  2  2  1  1  1  2  2 10  1  0  8  8]
[10 12 11 18 12 15  4  5  9  5  3  6  7 11 14 14  1  2  1 13  2  8  2 14 14
 17  2  2  2  2  1  1  1  2  1  1  2  0  8  8]
step 903, training (test) accuracy 0.7, cost 32.6067
[10  3 11  7 12 15  4  5  9 10 19  4  7 11  2  2  1  2  1  1  2  8  2 14  8
 17  2  2  2  2  1  1  1  2  2 10  1  0  8  8]
[10 12 11 18 12 15  4  5  9  5  3  6  7 11 14 14  1  2  1 13  2  8  2 14 14
 17  2  2  2  2  1  1  1  2  1  1  2  0  8  8]
step 903, training (test) accuracy 0.7, cost 32.4961
[10  3 11  7 12 15  4  5  9 10 19  4  7 11  2  2  1  2  1  1  2  8  2 14  8
 17  2  2  2  2  1  1  1  2  2 10  1  0  8  8]
[10 12 11 18 12 15  4  5  9  5  3  6  7 11 14 14  1  2  1 13  2  8  2 14 14
 17  2  2  2  2  1  1  1  2  1  1  2  0  8  8]
step 903, training (test) accuracy 0.7, cost 32.3894
[10  3 11  7 12 15  4  5  9 10 19  4  7 11  2  2  1  2  1  1  2  8  2 14  8
 17  2  2  2  2  1  1  1  2  2 10  1  0  8  8]
[10 12 11 18 12 15  4  5  9  5  3  6  7 11 14 14  1  2  1 13  2  8  2 14 14
 17  2  2  2  2  1  1  1  2  1  1  2  0  8  8]
step 904, training (test) accuracy 0.7, cost 32.2713
[10  3 11  7 12 15  4  5  9 10 19  4  7 11  2  2  1  2  1  1  2  8  2 14  8
 17  2  2  2  2  1  1  1  2  2 10  1  0  8  8]
[10 12 11 18 12 15  4  5  9  5  3  6  7 11 14 14  1  2  1 13  2  8  2 14 14
 17  2  2  2  2  1  1  1  2  1  1  2  0  8  8]
step 925, training (test) accuracy 0.5, cost 48.6739
step 925, training (test) accuracy 0.525, cost 48.5104
step 925, training (test) accuracy 0.55, cost 47.7958
step 925, training (test) accuracy 0.525, cost 46.5628
step 950, training (test) accuracy 0.575, cost 39.659
step 950, training (test) accuracy 0.575, cost 39.7747
step 950, training (test) accuracy 0.55, cost 39.8888
step 950, training (test) accuracy 0.55, cost 39.9925
step 975, training (test) accuracy 0.55, cost 40.1343
step 975, training (test) accuracy 0.55, cost 41.0185
step 975, training (test) accuracy 0.525, cost 41.5554
step 975, training (test) accuracy 0.5, cost 42.1231
step 1000, training (test) accuracy 0.525, cost 47.5642
step 1000, training (test) accuracy 0.5, cost 46.9455
step 1000, training (test) accuracy 0.5, cost 45.1872
step 1000, training (test) accuracy 0.55, cost 44.4395
step 1025, training (test) accuracy 0.475, cost 42.6599
step 1025, training (test) accuracy 0.475, cost 40.8356
step 1025, training (test) accuracy 0.425, cost 39.4048
step 1025, training (test) accuracy 0.45, cost 38.5882
step 1050, training (test) accuracy 0.625, cost 44.0548
step 1050, training (test) accuracy 0.625, cost 44.0665
step 1050, training (test) accuracy 0.65, cost 42.5737
step 1050, training (test) accuracy 0.65, cost 41.39
step 1075, training (test) accuracy 0.575, cost 49.0529
step 1075, training (test) accuracy 0.575, cost 47.9398
step 1075, training (test) accuracy 0.55, cost 47.0351
step 1075, training (test) accuracy 0.55, cost 46.3361
step 1100, training (test) accuracy 0.525, cost 45.6333
step 1100, training (test) accuracy 0.525, cost 45.5023
step 1100, training (test) accuracy 0.525, cost 45.43
step 1100, training (test) accuracy 0.55, cost 45.4015
step 1125, training (test) accuracy 0.55, cost 56.1213
step 1125, training (test) accuracy 0.55, cost 56.3067
step 1125, training (test) accuracy 0.55, cost 56.4463
step 1125, training (test) accuracy 0.525, cost 56.3553
step 1150, training (test) accuracy 0.475, cost 54.977
step 1150, training (test) accuracy 0.475, cost 55.3409
step 1150, training (test) accuracy 0.45, cost 55.331
step 1150, training (test) accuracy 0.45, cost 55.4272
step 1175, training (test) accuracy 0.525, cost 49.5576
step 1175, training (test) accuracy 0.525, cost 49.104
step 1175, training (test) accuracy 0.525, cost 48.8722
step 1175, training (test) accuracy 0.525, cost 48.9016
step 1200, training (test) accuracy 0.475, cost 52.6516
step 1200, training (test) accuracy 0.475, cost 51.8148
step 1200, training (test) accuracy 0.475, cost 51.2258
step 1200, training (test) accuracy 0.45, cost 50.7845
step 1225, training (test) accuracy 0.575, cost 47.6182
step 1225, training (test) accuracy 0.55, cost 48.0236
step 1225, training (test) accuracy 0.525, cost 49.0443
step 1225, training (test) accuracy 0.525, cost 50.4735
step 1250, training (test) accuracy 0.55, cost 51.0681
step 1250, training (test) accuracy 0.55, cost 51.6399
step 1250, training (test) accuracy 0.575, cost 52.1458
step 1250, training (test) accuracy 0.575, cost 52.6121
step 1275, training (test) accuracy 0.65, cost 44.8388
step 1275, training (test) accuracy 0.65, cost 45.3791
step 1275, training (test) accuracy 0.65, cost 45.917
step 1275, training (test) accuracy 0.65, cost 46.2827
step 1300, training (test) accuracy 0.525, cost 56.2276
step 1300, training (test) accuracy 0.525, cost 56.7714
step 1300, training (test) accuracy 0.525, cost 56.7888
step 1300, training (test) accuracy 0.525, cost 56.6256
step 1325, training (test) accuracy 0.55, cost 45.5677
step 1325, training (test) accuracy 0.55, cost 45.6273
step 1325, training (test) accuracy 0.5, cost 46.1634
step 1325, training (test) accuracy 0.55, cost 43.928
step 1350, training (test) accuracy 0.6, cost 50.1018
step 1350, training (test) accuracy 0.6, cost 51.2001
step 1350, training (test) accuracy 0.625, cost 52.1781
step 1350, training (test) accuracy 0.625, cost 53.0688
step 1375, training (test) accuracy 0.55, cost 49.8766
step 1375, training (test) accuracy 0.55, cost 49.7298
step 1375, training (test) accuracy 0.55, cost 49.6084
step 1375, training (test) accuracy 0.55, cost 49.5099
step 1400, training (test) accuracy 0.6, cost 48.8532
step 1400, training (test) accuracy 0.6, cost 48.8621
step 1400, training (test) accuracy 0.6, cost 48.8702
step 1400, training (test) accuracy 0.6, cost 48.8778
step 1425, training (test) accuracy 0.625, cost 44.2736
step 1425, training (test) accuracy 0.625, cost 44.274
step 1425, training (test) accuracy 0.625, cost 44.2742
step 1425, training (test) accuracy 0.625, cost 44.2746
step 1450, training (test) accuracy 0.575, cost 43.648
step 1450, training (test) accuracy 0.575, cost 43.6438
step 1450, training (test) accuracy 0.575, cost 43.64
step 1450, training (test) accuracy 0.575, cost 43.6365
step 1475, training (test) accuracy 0.575, cost 53.9365
step 1475, training (test) accuracy 0.575, cost 53.9101
step 1475, training (test) accuracy 0.575, cost 53.8875
step 1475, training (test) accuracy 0.575, cost 53.5767
step 1500, training (test) accuracy 0.6, cost 45.5759
step 1500, training (test) accuracy 0.6, cost 44.8408
step 1500, training (test) accuracy 0.575, cost 44.5912
step 1500, training (test) accuracy 0.575, cost 44.6105
step 1525, training (test) accuracy 0.55, cost 40.6596
step 1525, training (test) accuracy 0.525, cost 40.1976
step 1525, training (test) accuracy 0.55, cost 40.46
step 1525, training (test) accuracy 0.55, cost 40.9574
step 1550, training (test) accuracy 0.475, cost 55.8072
step 1550, training (test) accuracy 0.475, cost 55.5591
step 1550, training (test) accuracy 0.475, cost 55.3361
step 1550, training (test) accuracy 0.5, cost 55.0575
step 1575, training (test) accuracy 0.55, cost 48.7737
step 1575, training (test) accuracy 0.6, cost 48.8889
step 1575, training (test) accuracy 0.55, cost 50.3948
step 1575, training (test) accuracy 0.55, cost 52.0894
step 1600, training (test) accuracy 0.5, cost 62.2601
step 1600, training (test) accuracy 0.5, cost 63.0455
step 1600, training (test) accuracy 0.5, cost 63.9543
step 1600, training (test) accuracy 0.5, cost 64.7029
step 1625, training (test) accuracy 0.525, cost 52.1695
step 1625, training (test) accuracy 0.525, cost 53.4554
step 1625, training (test) accuracy 0.525, cost 54.4948
step 1625, training (test) accuracy 0.525, cost 55.3391
step 1650, training (test) accuracy 0.5, cost 54.0188
step 1650, training (test) accuracy 0.5, cost 52.5909
step 1650, training (test) accuracy 0.525, cost 51.6472
step 1650, training (test) accuracy 0.55, cost 50.4458
step 1675, training (test) accuracy 0.6, cost 48.6371
step 1675, training (test) accuracy 0.6, cost 48.9834
step 1675, training (test) accuracy 0.6, cost 49.2203
step 1675, training (test) accuracy 0.6, cost 49.5318
step 1700, training (test) accuracy 0.475, cost 62.7485
step 1700, training (test) accuracy 0.475, cost 63.348
step 1700, training (test) accuracy 0.45, cost 64.1219
step 1700, training (test) accuracy 0.475, cost 64.9098
step 1725, training (test) accuracy 0.55, cost 67.9126
step 1725, training (test) accuracy 0.55, cost 68.5122
step 1725, training (test) accuracy 0.55, cost 69.0799
step 1725, training (test) accuracy 0.575, cost 69.5794
step 1750, training (test) accuracy 0.475, cost 72.0828
step 1750, training (test) accuracy 0.5, cost 72.8332
step 1750, training (test) accuracy 0.5, cost 73.512
step 1750, training (test) accuracy 0.5, cost 74.1102
step 1775, training (test) accuracy 0.45, cost 70.6496
step 1775, training (test) accuracy 0.45, cost 69.5514
step 1775, training (test) accuracy 0.45, cost 68.5666
step 1775, training (test) accuracy 0.45, cost 67.5944
step 1800, training (test) accuracy 0.525, cost 67.4994
step 1800, training (test) accuracy 0.525, cost 67.4817
step 1800, training (test) accuracy 0.525, cost 67.4361
step 1800, training (test) accuracy 0.525, cost 67.3698
step 1825, training (test) accuracy 0.65, cost 58.4932
step 1825, training (test) accuracy 0.65, cost 58.333
step 1825, training (test) accuracy 0.65, cost 58.1593
step 1825, training (test) accuracy 0.625, cost 58.0594
step 1850, training (test) accuracy 0.55, cost 62.6177
step 1850, training (test) accuracy 0.525, cost 61.6283
step 1850, training (test) accuracy 0.525, cost 60.5316
step 1850, training (test) accuracy 0.55, cost 59.1541
step 1875, training (test) accuracy 0.525, cost 64.025
step 1875, training (test) accuracy 0.525, cost 64.1078
step 1875, training (test) accuracy 0.525, cost 65.3711
step 1875, training (test) accuracy 0.5, cost 66.6446
step 1900, training (test) accuracy 0.675, cost 57.8305
step 1900, training (test) accuracy 0.675, cost 57.5756
step 1900, training (test) accuracy 0.675, cost 57.3828
step 1900, training (test) accuracy 0.675, cost 57.2141
step 1925, training (test) accuracy 0.6, cost 67.7534
step 1925, training (test) accuracy 0.6, cost 66.1023
step 1925, training (test) accuracy 0.6, cost 65.0706
step 1925, training (test) accuracy 0.575, cost 64.5053
step 1950, training (test) accuracy 0.5, cost 60.2261
step 1950, training (test) accuracy 0.525, cost 60.2476
step 1950, training (test) accuracy 0.55, cost 59.2477
step 1950, training (test) accuracy 0.55, cost 59.0095
step 1975, training (test) accuracy 0.65, cost 65.5279
step 1975, training (test) accuracy 0.6, cost 65.3264
step 1975, training (test) accuracy 0.6, cost 65.4454
step 1975, training (test) accuracy 0.6, cost 65.663
Finished learning...
0.525
