I tensorflow/stream_executor/dso_loader.cc:111] successfully opened CUDA library libcublas.so locally
I tensorflow/stream_executor/dso_loader.cc:111] successfully opened CUDA library libcudnn.so locally
I tensorflow/stream_executor/dso_loader.cc:111] successfully opened CUDA library libcufft.so locally
I tensorflow/stream_executor/dso_loader.cc:111] successfully opened CUDA library libcuda.so.1 locally
I tensorflow/stream_executor/dso_loader.cc:111] successfully opened CUDA library libcurand.so locally
I tensorflow/core/common_runtime/gpu/gpu_device.cc:951] Found device 0 with properties: 
name: Tesla K20m
major: 3 minor: 5 memoryClockRate (GHz) 0.7055
pciBusID 0000:03:00.0
Total memory: 4.69GiB
Free memory: 4.61GiB
W tensorflow/stream_executor/cuda/cuda_driver.cc:572] creating context when one is currently active; existing: 0x24ff2720
I tensorflow/core/common_runtime/gpu/gpu_device.cc:951] Found device 1 with properties: 
name: Tesla K20m
major: 3 minor: 5 memoryClockRate (GHz) 0.7055
pciBusID 0000:83:00.0
Total memory: 4.69GiB
Free memory: 4.61GiB
I tensorflow/core/common_runtime/gpu/gpu_device.cc:855] cannot enable peer access from device ordinal 0 to device ordinal 1
I tensorflow/core/common_runtime/gpu/gpu_device.cc:855] cannot enable peer access from device ordinal 1 to device ordinal 0
I tensorflow/core/common_runtime/gpu/gpu_device.cc:972] DMA: 0 1 
I tensorflow/core/common_runtime/gpu/gpu_device.cc:982] 0:   Y N 
I tensorflow/core/common_runtime/gpu/gpu_device.cc:982] 1:   N Y 
I tensorflow/core/common_runtime/gpu/gpu_device.cc:1041] Creating TensorFlow device (/gpu:0) -> (device: 0, name: Tesla K20m, pci bus id: 0000:03:00.0)
I tensorflow/core/common_runtime/gpu/gpu_device.cc:1041] Creating TensorFlow device (/gpu:1) -> (device: 1, name: Tesla K20m, pci bus id: 0000:83:00.0)


Running with stride 4 and seed 3000
(1, 196, 117660)
(156, 117660)
1984
(?, 600)
(?, 100)
started learning...
step 0, training (test) accuracy 0.025, cost 35978.8
step 0, training (test) accuracy 0.05, cost 28640.3
step 0, training (test) accuracy 0.1, cost 24895.8
step 0, training (test) accuracy 0.1, cost 21037.5
step 25, training (test) accuracy 0.175, cost 467.472
step 25, training (test) accuracy 0.15, cost 465.286
step 25, training (test) accuracy 0.15, cost 463.378
step 25, training (test) accuracy 0.15, cost 469.117
step 50, training (test) accuracy 0.25, cost 129.834
step 50, training (test) accuracy 0.325, cost 106.247
step 50, training (test) accuracy 0.325, cost 91.703
step 50, training (test) accuracy 0.325, cost 84.0637
step 75, training (test) accuracy 0.45, cost 51.3299
step 75, training (test) accuracy 0.45, cost 50.1793
step 75, training (test) accuracy 0.375, cost 48.0707
step 75, training (test) accuracy 0.375, cost 47.473
step 100, training (test) accuracy 0.4, cost 42.0853
step 100, training (test) accuracy 0.4, cost 41.3275
step 100, training (test) accuracy 0.375, cost 41.069
step 100, training (test) accuracy 0.375, cost 41.0487
step 125, training (test) accuracy 0.575, cost 41.4592
step 125, training (test) accuracy 0.575, cost 40.6929
step 125, training (test) accuracy 0.55, cost 40.473
step 125, training (test) accuracy 0.55, cost 40.8846
step 150, training (test) accuracy 0.475, cost 44.5283
step 150, training (test) accuracy 0.475, cost 44.5216
step 150, training (test) accuracy 0.475, cost 43.8654
step 150, training (test) accuracy 0.45, cost 43.0933
step 175, training (test) accuracy 0.5, cost 34.7359
step 175, training (test) accuracy 0.5, cost 35.2836
step 175, training (test) accuracy 0.5, cost 36.108
step 175, training (test) accuracy 0.5, cost 36.8104
step 200, training (test) accuracy 0.55, cost 35.3413
step 200, training (test) accuracy 0.525, cost 34.7145
step 200, training (test) accuracy 0.5, cost 34.4225
step 200, training (test) accuracy 0.5, cost 33.9054
step 223, training (test) accuracy 0.65, cost 36.8527
[10  3 11  7 12 15  4  5  9 10 12 11  7 11 14 13  1  2  2 13  2  8  2  8  8
 17  2  1  2  2  2  2  1  2 17  2  2  0  8  8]
[10 12 11 18 12 15  4  5  9  5  3  6  7 11 14 14  1  2  1 13  2  8  2 14 14
 17  2  2  2  2  1  1  1  2  1  1  2  0  8  8]
step 224, training (test) accuracy 0.65, cost 36.5564
[10  3 11  7 12 15  4  5  9 10 12 11  7 11 14 13  1  2  2 13  2  8  2  8  8
 17  2  1  2  2  2  2  1  2 17  2  2  0  8  8]
[10 12 11 18 12 15  4  5  9  5  3  6  7 11 14 14  1  2  1 13  2  8  2 14 14
 17  2  2  2  2  1  1  1  2  1  1  2  0  8  8]
step 225, training (test) accuracy 0.625, cost 38.9372
step 225, training (test) accuracy 0.6, cost 40.1263
step 225, training (test) accuracy 0.6, cost 41.5849
step 225, training (test) accuracy 0.575, cost 43.244
step 250, training (test) accuracy 0.475, cost 41.2025
step 250, training (test) accuracy 0.475, cost 41.6906
step 250, training (test) accuracy 0.475, cost 41.8084
step 250, training (test) accuracy 0.5, cost 42.0879
step 275, training (test) accuracy 0.575, cost 42.0019
step 275, training (test) accuracy 0.575, cost 42.6421
step 275, training (test) accuracy 0.575, cost 43.1845
step 275, training (test) accuracy 0.575, cost 43.6471
step 300, training (test) accuracy 0.475, cost 43.2119
step 300, training (test) accuracy 0.475, cost 43.1081
step 300, training (test) accuracy 0.5, cost 43.0303
step 300, training (test) accuracy 0.45, cost 43.3794
step 325, training (test) accuracy 0.525, cost 48.3348
step 325, training (test) accuracy 0.525, cost 48.2646
step 325, training (test) accuracy 0.525, cost 48.2696
step 325, training (test) accuracy 0.525, cost 48.3206
step 350, training (test) accuracy 0.575, cost 43.7738
step 350, training (test) accuracy 0.575, cost 43.7305
step 350, training (test) accuracy 0.6, cost 43.9728
step 350, training (test) accuracy 0.6, cost 44.3712
step 375, training (test) accuracy 0.575, cost 46.0121
step 375, training (test) accuracy 0.55, cost 46.9472
step 375, training (test) accuracy 0.525, cost 47.5501
step 375, training (test) accuracy 0.525, cost 48.2515
step 400, training (test) accuracy 0.525, cost 54.9011
step 400, training (test) accuracy 0.525, cost 54.7423
step 400, training (test) accuracy 0.525, cost 54.6882
step 400, training (test) accuracy 0.5, cost 54.5846
step 425, training (test) accuracy 0.5, cost 49.2421
step 425, training (test) accuracy 0.525, cost 48.0866
step 425, training (test) accuracy 0.55, cost 47.0843
step 425, training (test) accuracy 0.55, cost 46.0487
step 450, training (test) accuracy 0.5, cost 46.813
step 450, training (test) accuracy 0.5, cost 46.4725
step 450, training (test) accuracy 0.5, cost 46.354
step 450, training (test) accuracy 0.5, cost 46.2221
step 475, training (test) accuracy 0.5, cost 54.4789
step 475, training (test) accuracy 0.5, cost 54.9051
step 475, training (test) accuracy 0.5, cost 55.584
step 475, training (test) accuracy 0.475, cost 55.4512
step 500, training (test) accuracy 0.5, cost 40.3286
step 500, training (test) accuracy 0.525, cost 39.9607
step 500, training (test) accuracy 0.525, cost 39.6168
step 500, training (test) accuracy 0.55, cost 39.5428
step 525, training (test) accuracy 0.575, cost 38.6517
step 525, training (test) accuracy 0.575, cost 39.541
step 525, training (test) accuracy 0.575, cost 40.1064
step 525, training (test) accuracy 0.575, cost 40.4974
step 550, training (test) accuracy 0.525, cost 40.1889
step 550, training (test) accuracy 0.525, cost 40.8192
step 550, training (test) accuracy 0.525, cost 41.2095
step 550, training (test) accuracy 0.55, cost 41.816
step 572, training (test) accuracy 0.65, cost 39.5416
[10  3 11  7 12 15  4  5  9 10 12 11  7 11  5 13  1  2  1 13  2  8  2  8  8
 17  1  1  2  2  2  2  1  2  2  1  2  0  8  8]
[10 12 11 18 12 15  4  5  9  5  3  6  7 11 14 14  1  2  1 13  2  8  2 14 14
 17  2  2  2  2  1  1  1  2  1  1  2  0  8  8]
step 572, training (test) accuracy 0.65, cost 38.8499
[10  3 11  7 12 15  4  5  9 10 12 11  7 11  5 13  1  2  1 13  2  8  2  8  8
 17  1  1  2  2  2  2  1  2  2  1  2  0  8  8]
[10 12 11 18 12 15  4  5  9  5  3  6  7 11 14 14  1  2  1 13  2  8  2 14 14
 17  2  2  2  2  1  1  1  2  1  1  2  0  8  8]
step 575, training (test) accuracy 0.55, cost 39.3689
step 575, training (test) accuracy 0.55, cost 39.8575
step 575, training (test) accuracy 0.55, cost 40.2883
step 575, training (test) accuracy 0.525, cost 40.8854
step 600, training (test) accuracy 0.55, cost 44.5123
step 600, training (test) accuracy 0.55, cost 44.8874
step 600, training (test) accuracy 0.55, cost 45.258
step 600, training (test) accuracy 0.55, cost 45.504
step 625, training (test) accuracy 0.525, cost 49.6518
step 625, training (test) accuracy 0.525, cost 50.1895
step 625, training (test) accuracy 0.525, cost 49.61
step 625, training (test) accuracy 0.525, cost 48.9348
step 650, training (test) accuracy 0.55, cost 46.6318
step 650, training (test) accuracy 0.525, cost 47.1679
step 650, training (test) accuracy 0.55, cost 47.5695
step 650, training (test) accuracy 0.55, cost 48.2046
step 675, training (test) accuracy 0.55, cost 46.2262
step 675, training (test) accuracy 0.55, cost 45.8664
step 675, training (test) accuracy 0.55, cost 43.5335
step 675, training (test) accuracy 0.575, cost 41.5718
step 700, training (test) accuracy 0.5, cost 43.6564
step 700, training (test) accuracy 0.475, cost 43.6301
step 700, training (test) accuracy 0.5, cost 43.1057
step 700, training (test) accuracy 0.5, cost 42.7194
step 725, training (test) accuracy 0.5, cost 55.2984
step 725, training (test) accuracy 0.5, cost 56.6016
step 725, training (test) accuracy 0.5, cost 56.1434
step 725, training (test) accuracy 0.5, cost 55.6476
step 741, training (test) accuracy 0.65, cost 37.8362
[10 14 11 18  9 15  4  5  9 10 11 11  7 11  2 13  1  2  1 13  2  8  7  8  8
 17  1 17  2  2  2  1  1  2 17  1  2  0  8  8]
[10 12 11 18 12 15  4  5  9  5  3  6  7 11 14 14  1  2  1 13  2  8  2 14 14
 17  2  2  2  2  1  1  1  2  1  1  2  0  8  8]
step 750, training (test) accuracy 0.575, cost 43.6678
step 750, training (test) accuracy 0.55, cost 43.9023
step 750, training (test) accuracy 0.55, cost 46.4002
step 750, training (test) accuracy 0.525, cost 48.6792
step 775, training (test) accuracy 0.45, cost 64.1719
step 775, training (test) accuracy 0.45, cost 62.401
step 775, training (test) accuracy 0.45, cost 60.5703
step 775, training (test) accuracy 0.475, cost 57.9989
step 800, training (test) accuracy 0.525, cost 49.6127
step 800, training (test) accuracy 0.55, cost 49.4349
step 800, training (test) accuracy 0.55, cost 49.195
step 800, training (test) accuracy 0.55, cost 48.9508
step 825, training (test) accuracy 0.575, cost 57.4425
step 825, training (test) accuracy 0.6, cost 56.3302
step 825, training (test) accuracy 0.55, cost 55.4545
step 825, training (test) accuracy 0.525, cost 54.5835
step 850, training (test) accuracy 0.625, cost 49.8708
step 850, training (test) accuracy 0.6, cost 51.3809
step 850, training (test) accuracy 0.575, cost 50.4694
step 850, training (test) accuracy 0.55, cost 49.9362
step 875, training (test) accuracy 0.45, cost 40.9938
step 875, training (test) accuracy 0.45, cost 40.8469
step 875, training (test) accuracy 0.5, cost 40.653
step 875, training (test) accuracy 0.5, cost 40.5104
step 900, training (test) accuracy 0.5, cost 53.8832
step 900, training (test) accuracy 0.5, cost 53.7104
step 900, training (test) accuracy 0.525, cost 53.7255
step 900, training (test) accuracy 0.525, cost 53.8698
step 925, training (test) accuracy 0.45, cost 38.2885
step 925, training (test) accuracy 0.45, cost 38.0243
step 925, training (test) accuracy 0.425, cost 38.4311
step 925, training (test) accuracy 0.475, cost 38.7378
step 950, training (test) accuracy 0.475, cost 51.391
step 950, training (test) accuracy 0.475, cost 51.5662
step 950, training (test) accuracy 0.5, cost 51.1332
step 950, training (test) accuracy 0.5, cost 50.3227
step 963, training (test) accuracy 0.675, cost 38.0605
[10 17 11  7  9 15  4  5  9 10 19  1  7 11 14 13  1  2  1 13  2  8  2  8  8
 17  1  1  2  2  1  2  1  2 17  1  2  0  8  8]
[10 12 11 18 12 15  4  5  9  5  3  6  7 11 14 14  1  2  1 13  2  8  2 14 14
 17  2  2  2  2  1  1  1  2  1  1  2  0  8  8]
step 964, training (test) accuracy 0.675, cost 37.9071
[10  1 11 18  9 15  4  5  9 10 18  1  7  1 14 13  1  2  1 13  2  8  2  8  8
 17  1  1  2  2  1  2  1  2 17  1  2  0  8  8]
[10 12 11 18 12 15  4  5  9  5  3  6  7 11 14 14  1  2  1 13  2  8  2 14 14
 17  2  2  2  2  1  1  1  2  1  1  2  0  8  8]
step 972, training (test) accuracy 0.675, cost 38.5328
[10 17 11 18 12 15  4  5  9 10 19 11  7 11 14 13  1  2  1 13  2  8  2  8  8
 17 13  1  2  2  2  2  1  2  2  2  2  0  8  8]
[10 12 11 18 12 15  4  5  9  5  3  6  7 11 14 14  1  2  1 13  2  8  2 14 14
 17  2  2  2  2  1  1  1  2  1  1  2  0  8  8]
step 975, training (test) accuracy 0.625, cost 42.6849
step 975, training (test) accuracy 0.625, cost 41.4218
step 975, training (test) accuracy 0.625, cost 40.2544
step 975, training (test) accuracy 0.625, cost 39.5084
step 1000, training (test) accuracy 0.525, cost 56.0199
step 1000, training (test) accuracy 0.525, cost 56.8378
step 1000, training (test) accuracy 0.55, cost 57.4323
step 1000, training (test) accuracy 0.55, cost 58.645
step 1025, training (test) accuracy 0.525, cost 55.0051
step 1025, training (test) accuracy 0.525, cost 54.3453
step 1025, training (test) accuracy 0.5, cost 53.8088
step 1025, training (test) accuracy 0.5, cost 53.2698
step 1050, training (test) accuracy 0.475, cost 54.7939
step 1050, training (test) accuracy 0.5, cost 54.8331
step 1050, training (test) accuracy 0.5, cost 54.781
step 1050, training (test) accuracy 0.5, cost 54.6595
step 1075, training (test) accuracy 0.525, cost 49.7815
step 1075, training (test) accuracy 0.525, cost 50.5186
step 1075, training (test) accuracy 0.5, cost 51.4272
step 1075, training (test) accuracy 0.5, cost 52.5922
step 1100, training (test) accuracy 0.475, cost 57.4136
step 1100, training (test) accuracy 0.475, cost 56.9266
step 1100, training (test) accuracy 0.475, cost 56.3223
step 1100, training (test) accuracy 0.475, cost 55.7737
step 1125, training (test) accuracy 0.55, cost 42.0853
step 1125, training (test) accuracy 0.55, cost 41.1898
step 1125, training (test) accuracy 0.55, cost 40.7845
step 1125, training (test) accuracy 0.525, cost 40.644
step 1150, training (test) accuracy 0.5, cost 65.7552
step 1150, training (test) accuracy 0.5, cost 67.0577
step 1150, training (test) accuracy 0.5, cost 68.2402
step 1150, training (test) accuracy 0.5, cost 68.138
step 1175, training (test) accuracy 0.55, cost 65.817
step 1175, training (test) accuracy 0.55, cost 66.9742
step 1175, training (test) accuracy 0.55, cost 67.8289
step 1175, training (test) accuracy 0.5, cost 68.8399
step 1200, training (test) accuracy 0.5, cost 63.9458
step 1200, training (test) accuracy 0.475, cost 61.9943
step 1200, training (test) accuracy 0.475, cost 62.4988
step 1200, training (test) accuracy 0.475, cost 62.7688
step 1225, training (test) accuracy 0.45, cost 61.0842
step 1225, training (test) accuracy 0.45, cost 60.8189
step 1225, training (test) accuracy 0.45, cost 60.5511
step 1225, training (test) accuracy 0.45, cost 61.2296
step 1250, training (test) accuracy 0.55, cost 46.8838
step 1250, training (test) accuracy 0.55, cost 47.1981
step 1250, training (test) accuracy 0.5, cost 47.3782
step 1250, training (test) accuracy 0.525, cost 47.8345
step 1275, training (test) accuracy 0.525, cost 44.7743
step 1275, training (test) accuracy 0.525, cost 45.7321
step 1275, training (test) accuracy 0.525, cost 46.9884
step 1275, training (test) accuracy 0.55, cost 48.0625
step 1300, training (test) accuracy 0.5, cost 44.3333
step 1300, training (test) accuracy 0.525, cost 41.5391
step 1300, training (test) accuracy 0.55, cost 40.4303
step 1300, training (test) accuracy 0.55, cost 40.342
step 1325, training (test) accuracy 0.575, cost 45.6644
step 1325, training (test) accuracy 0.55, cost 46.8532
step 1325, training (test) accuracy 0.55, cost 47.9325
step 1325, training (test) accuracy 0.525, cost 48.444
step 1350, training (test) accuracy 0.575, cost 58.4862
step 1350, training (test) accuracy 0.575, cost 57.3665
step 1350, training (test) accuracy 0.55, cost 55.8867
step 1350, training (test) accuracy 0.55, cost 54.4785
step 1375, training (test) accuracy 0.525, cost 57.9737
step 1375, training (test) accuracy 0.525, cost 58.6796
step 1375, training (test) accuracy 0.475, cost 57.4806
step 1375, training (test) accuracy 0.45, cost 56.8153
step 1400, training (test) accuracy 0.575, cost 42.1629
step 1400, training (test) accuracy 0.55, cost 43.4263
step 1400, training (test) accuracy 0.55, cost 44.4376
step 1400, training (test) accuracy 0.55, cost 45.3002
step 1425, training (test) accuracy 0.575, cost 54.0602
step 1425, training (test) accuracy 0.575, cost 55.1453
step 1425, training (test) accuracy 0.575, cost 56.1733
step 1425, training (test) accuracy 0.575, cost 56.9788
step 1450, training (test) accuracy 0.625, cost 63.6843
step 1450, training (test) accuracy 0.625, cost 61.8
step 1450, training (test) accuracy 0.625, cost 60.2307
step 1450, training (test) accuracy 0.625, cost 57.6742
step 1475, training (test) accuracy 0.55, cost 43.3038
step 1475, training (test) accuracy 0.575, cost 42.6687
step 1475, training (test) accuracy 0.575, cost 42.3145
step 1475, training (test) accuracy 0.575, cost 41.9245
step 1500, training (test) accuracy 0.625, cost 54.2922
step 1500, training (test) accuracy 0.625, cost 54.3064
step 1500, training (test) accuracy 0.625, cost 54.3191
step 1500, training (test) accuracy 0.625, cost 54.3307
step 1525, training (test) accuracy 0.6, cost 55.7559
step 1525, training (test) accuracy 0.6, cost 53.9466
step 1525, training (test) accuracy 0.575, cost 52.4093
step 1525, training (test) accuracy 0.575, cost 51.0859
step 1550, training (test) accuracy 0.55, cost 45.4448
step 1550, training (test) accuracy 0.525, cost 43.877
step 1550, training (test) accuracy 0.525, cost 42.9635
step 1550, training (test) accuracy 0.55, cost 42.1734
step 1575, training (test) accuracy 0.5, cost 56.401
step 1575, training (test) accuracy 0.5, cost 56.4043
step 1575, training (test) accuracy 0.5, cost 56.4727
step 1575, training (test) accuracy 0.5, cost 57.6626
step 1600, training (test) accuracy 0.525, cost 49.0523
step 1600, training (test) accuracy 0.55, cost 50.6085
step 1600, training (test) accuracy 0.525, cost 52.2571
step 1600, training (test) accuracy 0.525, cost 53.8132
step 1625, training (test) accuracy 0.55, cost 55.5168
step 1625, training (test) accuracy 0.55, cost 55.4847
step 1625, training (test) accuracy 0.525, cost 55.2565
step 1625, training (test) accuracy 0.525, cost 54.7691
step 1650, training (test) accuracy 0.5, cost 69.2208
step 1650, training (test) accuracy 0.525, cost 68.5773
step 1650, training (test) accuracy 0.525, cost 68.3543
step 1650, training (test) accuracy 0.525, cost 68.1063
step 1675, training (test) accuracy 0.425, cost 66.0221
step 1675, training (test) accuracy 0.4, cost 65.8907
step 1675, training (test) accuracy 0.425, cost 65.6865
step 1675, training (test) accuracy 0.425, cost 65.4947
step 1700, training (test) accuracy 0.45, cost 92.3469
step 1700, training (test) accuracy 0.45, cost 93.5179
step 1700, training (test) accuracy 0.475, cost 93.5514
step 1700, training (test) accuracy 0.5, cost 93.3722
step 1725, training (test) accuracy 0.55, cost 55.3473
step 1725, training (test) accuracy 0.55, cost 55.1962
step 1725, training (test) accuracy 0.575, cost 53.7123
step 1725, training (test) accuracy 0.575, cost 52.6829
step 1750, training (test) accuracy 0.55, cost 62.1541
step 1750, training (test) accuracy 0.55, cost 61.0818
step 1750, training (test) accuracy 0.525, cost 60.099
step 1750, training (test) accuracy 0.5, cost 59.2214
step 1775, training (test) accuracy 0.5, cost 59.2668
step 1775, training (test) accuracy 0.5, cost 59.16
step 1775, training (test) accuracy 0.5, cost 59.0129
step 1775, training (test) accuracy 0.525, cost 58.8721
step 1800, training (test) accuracy 0.5, cost 77.4634
step 1800, training (test) accuracy 0.5, cost 77.1863
step 1800, training (test) accuracy 0.5, cost 76.4172
step 1800, training (test) accuracy 0.5, cost 75.6834
step 1825, training (test) accuracy 0.425, cost 74.203
step 1825, training (test) accuracy 0.425, cost 74.1034
step 1825, training (test) accuracy 0.45, cost 70.4193
step 1825, training (test) accuracy 0.475, cost 67.7171
step 1850, training (test) accuracy 0.525, cost 64.8551
step 1850, training (test) accuracy 0.525, cost 64.2459
step 1850, training (test) accuracy 0.55, cost 63.8002
step 1850, training (test) accuracy 0.575, cost 63.4888
step 1875, training (test) accuracy 0.575, cost 62.4888
step 1875, training (test) accuracy 0.575, cost 61.826
step 1875, training (test) accuracy 0.575, cost 60.9364
step 1875, training (test) accuracy 0.55, cost 60.0914
step 1900, training (test) accuracy 0.5, cost 66.5986
step 1900, training (test) accuracy 0.5, cost 66.9541
step 1900, training (test) accuracy 0.525, cost 67.6156
step 1900, training (test) accuracy 0.525, cost 68.8456
step 1925, training (test) accuracy 0.45, cost 70.4052
step 1925, training (test) accuracy 0.45, cost 70.0011
step 1925, training (test) accuracy 0.475, cost 68.2554
step 1925, training (test) accuracy 0.45, cost 67.9342
step 1950, training (test) accuracy 0.55, cost 63.0903
step 1950, training (test) accuracy 0.525, cost 62.8147
step 1950, training (test) accuracy 0.475, cost 65.0528
step 1950, training (test) accuracy 0.5, cost 67.1396
step 1975, training (test) accuracy 0.525, cost 65.9859
step 1975, training (test) accuracy 0.525, cost 65.131
step 1975, training (test) accuracy 0.55, cost 64.9721
step 1975, training (test) accuracy 0.55, cost 65.5007
Finished learning...
0.475
