I tensorflow/stream_executor/dso_loader.cc:111] successfully opened CUDA library libcublas.so locally
I tensorflow/stream_executor/dso_loader.cc:111] successfully opened CUDA library libcudnn.so locally
I tensorflow/stream_executor/dso_loader.cc:111] successfully opened CUDA library libcufft.so locally
I tensorflow/stream_executor/dso_loader.cc:111] successfully opened CUDA library libcuda.so.1 locally
I tensorflow/stream_executor/dso_loader.cc:111] successfully opened CUDA library libcurand.so locally
E tensorflow/stream_executor/cuda/cuda_driver.cc:491] failed call to cuInit: CUDA_ERROR_NO_DEVICE
I tensorflow/stream_executor/cuda/cuda_diagnostics.cc:153] retrieving CUDA diagnostic information for host: compute03
I tensorflow/stream_executor/cuda/cuda_diagnostics.cc:160] hostname: compute03
I tensorflow/stream_executor/cuda/cuda_diagnostics.cc:185] libcuda reported version is: 352.99.0
I tensorflow/stream_executor/cuda/cuda_diagnostics.cc:356] driver version file contents: """NVRM version: NVIDIA UNIX x86_64 Kernel Module  352.99  Mon Jul  4 23:52:14 PDT 2016
GCC version:  gcc version 4.8.5 20150623 (Red Hat 4.8.5-4) (GCC) 
"""
I tensorflow/stream_executor/cuda/cuda_diagnostics.cc:189] kernel reported version is: 352.99.0
I tensorflow/stream_executor/cuda/cuda_diagnostics.cc:293] kernel version seems to match DSO: 352.99.0
Running with stride 7 and seed 3000
(1, 228, 117660)
47
(181, 117660)
704
(?, 600)
(?, 100)
started learning...
step 0, training (test) accuracy 0.0425532, cost 30326.3
step 0, training (test) accuracy 0.0425532, cost 24796.5
step 0, training (test) accuracy 0.0425532, cost 20039.7
step 0, training (test) accuracy 0.0212766, cost 16108.3
step 25, training (test) accuracy 0.276596, cost 184.895
step 25, training (test) accuracy 0.255319, cost 174.326
step 25, training (test) accuracy 0.297872, cost 167.635
step 25, training (test) accuracy 0.297872, cost 166.386
step 50, training (test) accuracy 0.446809, cost 62.2713
step 50, training (test) accuracy 0.425532, cost 63.0738
step 50, training (test) accuracy 0.404255, cost 61.6528
step 50, training (test) accuracy 0.404255, cost 60.2687
step 75, training (test) accuracy 0.574468, cost 38.743
step 75, training (test) accuracy 0.574468, cost 37.9961
step 75, training (test) accuracy 0.574468, cost 36.7056
step 75, training (test) accuracy 0.595745, cost 36.1321
step 84, training (test) accuracy 0.659574, cost 31.2892
[18 14  0  8 13 19 19  8  1 14 14  8  2  2 10 14 10  1  4  8 15  9  2  2 14
  2 17  7  2  6  1  8 18  2  7  2 14  2  0 16  7  1  2 12  6  1  2]
[18 15  0  8 13 19  9  8  1  8  2 14  2  2  5 14 10  1  4  8 15  6  2  1 15
 17  2  7  2  6  1  8  3  1  7  2 14  2  0 16  7  1  1 12  1  2  2]
step 85, training (test) accuracy 0.659574, cost 30.2468
[18 14  0  8 13 19 19  8  1 14 14  8  2  2 10 14 10  1  4  8 15  9  2  2 14
  2 17  7  2  6  1  8 18  2  7  2 14  2  0 16  7  1  2 12  6  1  2]
[18 15  0  8 13 19  9  8  1  8  2 14  2  2  5 14 10  1  4  8 15  6  2  1 15
 17  2  7  2  6  1  8  3  1  7  2 14  2  0 16  7  1  1 12  1  2  2]
step 85, training (test) accuracy 0.680851, cost 28.6336
[18 14  0  8 13 19 19  8  1 14 14  8  2  2 10 14 10  1  4  8 15  9  2  2 14
  2  2  7  2  6  1  8 18  2  7  2 14  2  0 16  7  1  2 12  6  1  2]
[18 15  0  8 13 19  9  8  1  8  2 14  2  2  5 14 10  1  4  8 15  6  2  1 15
 17  2  7  2  6  1  8  3  1  7  2 14  2  0 16  7  1  1 12  1  2  2]
step 85, training (test) accuracy 0.702128, cost 27.3732
[ 7 15  0  8 13 19 19  8  1 14 14  8  2  2 10 14 10  1  4  8 15  9  2  2 15
  2  2  7  2  6  1  8  3  2  7  1 14  2  0 16  7  1  2 12  6  1  2]
[18 15  0  8 13 19  9  8  1  8  2 14  2  2  5 14 10  1  4  8 15  6  2  1 15
 17  2  7  2  6  1  8  3  1  7  2 14  2  0 16  7  1  1 12  1  2  2]
step 100, training (test) accuracy 0.617021, cost 27.8567
step 100, training (test) accuracy 0.617021, cost 26.4458
step 100, training (test) accuracy 0.659574, cost 25.4717
step 100, training (test) accuracy 0.659574, cost 25.2222
step 104, training (test) accuracy 0.723404, cost 30.5291
[18 15  0  8 13 19  4  8  1 14 14  8  2  2 10 14 10  1  4  8 15  9  2  2 15
  2  2  7  2  6  1  8  3  2  7  1 14  2  0 16  7  1  2 12  2 14  2]
[18 15  0  8 13 19  9  8  1  8  2 14  2  2  5 14 10  1  4  8 15  6  2  1 15
 17  2  7  2  6  1  8  3  1  7  2 14  2  0 16  7  1  1 12  1  2  2]
step 105, training (test) accuracy 0.723404, cost 29.7225
[18 15  0  8 13 19 14  8  1 14 14  8  2  2 10 14 10  1  4  8 15  9  2  2 15
  2  2  7  2  6  1  8 12  2  7  2 14  2  0 16  7  1  2 12  2 14  2]
[18 15  0  8 13 19  9  8  1  8  2 14  2  2  5 14 10  1  4  8 15  6  2  1 15
 17  2  7  2  6  1  8  3  1  7  2 14  2  0 16  7  1  1 12  1  2  2]
step 105, training (test) accuracy 0.723404, cost 30.1184
[18 15  0  8 13 19 17  8  1 14 14  8  2  2 10 14 10  1  4  8 15  9  2  2 15
  2  2  7  2  6  1  8  3  2  7  2  8  2  0 16  7  1  2 12  2 14  2]
[18 15  0  8 13 19  9  8  1  8  2 14  2  2  5 14 10  1  4  8 15  6  2  1 15
 17  2  7  2  6  1  8  3  1  7  2 14  2  0 16  7  1  1 12  1  2  2]
step 125, training (test) accuracy 0.659574, cost 26.0876
step 125, training (test) accuracy 0.659574, cost 26.4403
step 125, training (test) accuracy 0.659574, cost 26.8438
step 125, training (test) accuracy 0.659574, cost 26.6749
step 146, training (test) accuracy 0.723404, cost 25.3557
[ 7 15  0  8 13 19 14  8  1 14 14  8  2  2 10 14 10  1  4  8 15  6  2  2 15
  2 17  7  2  6  1  8  3  1  7  1 14  2  0 16  7  1 11 12  8  1  2]
[18 15  0  8 13 19  9  8  1  8  2 14  2  2  5 14 10  1  4  8 15  6  2  1 15
 17  2  7  2  6  1  8  3  1  7  2 14  2  0 16  7  1  1 12  1  2  2]
step 146, training (test) accuracy 0.723404, cost 25.6333
[ 7 15  0  8 13 19 14  8  1 14 14  8  2  2 10 14 10  1  4  8 15  6  2  2 15
  2 17  7  2  6  1  8  3  1  7  1 14  2  0 16  7  1 11 12  8  1  2]
[18 15  0  8 13 19  9  8  1  8  2 14  2  2  5 14 10  1  4  8 15  6  2  1 15
 17  2  7  2  6  1  8  3  1  7  2 14  2  0 16  7  1  1 12  1  2  2]
step 146, training (test) accuracy 0.723404, cost 26.0072
[ 7 15  0  8 13 19 14  8  1 14 14  8  2  2 10 14 10  1  4  8 15  6  2  2 15
  2 17  7  2  6  1  8  3  1  7  1 14  2  0 16  7  1 11 12  8  1  2]
[18 15  0  8 13 19  9  8  1  8  2 14  2  2  5 14 10  1  4  8 15  6  2  1 15
 17  2  7  2  6  1  8  3  1  7  2 14  2  0 16  7  1  1 12  1  2  2]
step 150, training (test) accuracy 0.638298, cost 31.3495
step 150, training (test) accuracy 0.617021, cost 31.7095
step 150, training (test) accuracy 0.617021, cost 31.8
step 150, training (test) accuracy 0.617021, cost 31.6306
step 175, training (test) accuracy 0.659574, cost 24.5644
step 175, training (test) accuracy 0.659574, cost 24.3893
step 175, training (test) accuracy 0.659574, cost 24.4315
step 175, training (test) accuracy 0.659574, cost 24.5154
step 196, training (test) accuracy 0.723404, cost 25.4141
[ 7 15  0  8 13 19 14  8  1 14 14  8  2  2 10 14 10  1  4  8 15  6  2  2 15
  2  2  7  2  6  1  8  3  2  7  2  8  2  0 16  7  1  6 12  8 14  2]
[18 15  0  8 13 19  9  8  1  8  2 14  2  2  5 14 10  1  4  8 15  6  2  1 15
 17  2  7  2  6  1  8  3  1  7  2 14  2  0 16  7  1  1 12  1  2  2]
step 196, training (test) accuracy 0.723404, cost 25.5459
[ 7 15  0  8 13 19 17  8  1 14 14  8  2  2 10 14 10  1  4  8 15  6  2  2 15
  2  2  7  2  6  1  8  3  2  7  2  8  2  0 16  7  1  6 12  8  1  2]
[18 15  0  8 13 19  9  8  1  8  2 14  2  2  5 14 10  1  4  8 15  6  2  1 15
 17  2  7  2  6  1  8  3  1  7  2 14  2  0 16  7  1  1 12  1  2  2]
step 196, training (test) accuracy 0.723404, cost 25.8184
[ 7 15  0  8 13 19 17  8  1 14 14  8  2  2 10 14 10  1  4  8 15  6  2  2 15
  2  2  7  2  6  1  8  3  2  7  2  8  2  0 16  7  1  6 12  8  1  2]
[18 15  0  8 13 19  9  8  1  8  2 14  2  2  5 14 10  1  4  8 15  6  2  1 15
 17  2  7  2  6  1  8  3  1  7  2 14  2  0 16  7  1  1 12  1  2  2]
step 199, training (test) accuracy 0.723404, cost 23.861
[18 15  0  8 13 19 14  8  1 14 14  8  2  2 10  2 10  1  4  8 15  6  2  2 15
  2  2  7  2  6  1  8  3  2  7  2  8  2  0 16  7  1  6 12  8  1  2]
[18 15  0  8 13 19  9  8  1  8  2 14  2  2  5 14 10  1  4  8 15  6  2  1 15
 17  2  7  2  6  1  8  3  1  7  2 14  2  0 16  7  1  1 12  1  2  2]
step 199, training (test) accuracy 0.744681, cost 23.5957
[18 15  0  8 13 19 14  8  1 14 14  8  2  2 10  2 10  1  4  8 15  6  2  2 15
  2  2  7  2  6  1  8  3  2  7  2 14  2  0 16  7  1  6 12  8  1  2]
[18 15  0  8 13 19  9  8  1  8  2 14  2  2  5 14 10  1  4  8 15  6  2  1 15
 17  2  7  2  6  1  8  3  1  7  2 14  2  0 16  7  1  1 12  1  2  2]
step 200, training (test) accuracy 0.723404, cost 23.1454
step 200, training (test) accuracy 0.744681, cost 22.8615
step 200, training (test) accuracy 0.744681, cost 22.8615
[18 15  0  8 13 19 14  8  1 14 14  8  2  2 10  2 10  1  4  8 15  6  2  2 15
  2  2  7  2  6  1  8  3  2  7  2 14  2  0 16  7  1 11 12  8  1  2]
[18 15  0  8 13 19  9  8  1  8  2 14  2  2  5 14 10  1  4  8 15  6  2  1 15
 17  2  7  2  6  1  8  3  1  7  2 14  2  0 16  7  1  1 12  1  2  2]
step 200, training (test) accuracy 0.702128, cost 22.5182
step 200, training (test) accuracy 0.702128, cost 22.2814
step 225, training (test) accuracy 0.702128, cost 26.9644
step 225, training (test) accuracy 0.702128, cost 27.0954
step 225, training (test) accuracy 0.702128, cost 27.0722
step 225, training (test) accuracy 0.702128, cost 26.9203
step 250, training (test) accuracy 0.595745, cost 27.8984
step 250, training (test) accuracy 0.595745, cost 28.0147
step 250, training (test) accuracy 0.595745, cost 28.0942
step 250, training (test) accuracy 0.595745, cost 27.9943
step 275, training (test) accuracy 0.702128, cost 26.5434
step 275, training (test) accuracy 0.702128, cost 26.6528
step 275, training (test) accuracy 0.723404, cost 26.7109
step 275, training (test) accuracy 0.723404, cost 26.767
step 300, training (test) accuracy 0.702128, cost 23.0731
step 300, training (test) accuracy 0.702128, cost 23.0876
step 300, training (test) accuracy 0.680851, cost 23.0269
step 300, training (test) accuracy 0.680851, cost 23.1006
step 325, training (test) accuracy 0.680851, cost 20.8099
step 325, training (test) accuracy 0.680851, cost 20.6274
step 325, training (test) accuracy 0.680851, cost 20.5912
step 325, training (test) accuracy 0.680851, cost 20.5215
step 345, training (test) accuracy 0.744681, cost 20.9012
[18 15  0  8 13 19  4  8  1  8  2  8  2  2 10 14 10  2  4  8 15  6  2  2 15
  2  2  7  2  6 17  8  3  2  7  2  8  2  0 16  7  1  6 12  8 11  2]
[18 15  0  8 13 19  9  8  1  8  2 14  2  2  5 14 10  1  4  8 15  6  2  1 15
 17  2  7  2  6  1  8  3  1  7  2 14  2  0 16  7  1  1 12  1  2  2]
step 345, training (test) accuracy 0.744681, cost 20.7175
[18 15  0  8 13 19  4  8  1  8  2  8  2  2 10 14 10  2  4  8 15  6  2  2 15
  2  2  7  2  6 17  8  3  2  7  2  8  2  0 16  7  1  6 12  8 11  2]
[18 15  0  8 13 19  9  8  1  8  2 14  2  2  5 14 10  1  4  8 15  6  2  1 15
 17  2  7  2  6  1  8  3  1  7  2 14  2  0 16  7  1  1 12  1  2  2]
step 346, training (test) accuracy 0.744681, cost 20.6471
[18 15  0  8 13 19  4  8  1  8 14  8  2  2 10 14 10  1  4  8 15  6  2  2 15
  2  2  7  2  6 17  8  3  2  7  2  8  2  0 16  7  1  6 12  2 11  2]
[18 15  0  8 13 19  9  8  1  8  2 14  2  2  5 14 10  1  4  8 15  6  2  1 15
 17  2  7  2  6  1  8  3  1  7  2 14  2  0 16  7  1  1 12  1  2  2]
step 346, training (test) accuracy 0.744681, cost 20.685
[18 15  0  8 13 19  4  8  1  8 14  8  2  2 10 14 10  1  4  8 15  6  2  2 15
  2  2  7  2  6 17  8  3  2  7  2  8  2  0 16  7  1  6 12  2 11  2]
[18 15  0  8 13 19  9  8  1  8  2 14  2  2  5 14 10  1  4  8 15  6  2  1 15
 17  2  7  2  6  1  8  3  1  7  2 14  2  0 16  7  1  1 12  1  2  2]
step 346, training (test) accuracy 0.744681, cost 20.7135
[18 15  0  8 13 19  4  8  1  8 14  8  2  2 10 14 10  1  4  8 15  6  2  2 15
  2  2  7  2  6 17  8  3  2  7  2  8  2  0 16  7  1  6 12  2 11  2]
[18 15  0  8 13 19  9  8  1  8  2 14  2  2  5 14 10  1  4  8 15  6  2  1 15
 17  2  7  2  6  1  8  3  1  7  2 14  2  0 16  7  1  1 12  1  2  2]
step 346, training (test) accuracy 0.744681, cost 20.7746
[18 15  0  8 13 19  4  8  1  8 14  8  2  2 10 14 10  1  4  8 15  6  2  2 15
  2  2  7  2  6 17  8  3  2  7  2  8  2  0 16  7  1  6 12  2 14  2]
[18 15  0  8 13 19  9  8  1  8  2 14  2  2  5 14 10  1  4  8 15  6  2  1 15
 17  2  7  2  6  1  8  3  1  7  2 14  2  0 16  7  1  1 12  1  2  2]
step 347, training (test) accuracy 0.744681, cost 20.8181
[18 15  0  8 13 19  4  8  1  8 14  8  2  2 10 14 10  1  4  8 15  6  2  2 15
  2  2  7  2  6 17  8  3  2  7  2  8  2  0 16  7  1  6 12  2 14  2]
[18 15  0  8 13 19  9  8  1  8  2 14  2  2  5 14 10  1  4  8 15  6  2  1 15
 17  2  7  2  6  1  8  3  1  7  2 14  2  0 16  7  1  1 12  1  2  2]
step 347, training (test) accuracy 0.744681, cost 20.9869
[18 15  0  8 13 19  4  8  1  8 14  8  2  2 10 14 10  1  4  8 15  6  2  2 15
  2  2  7  2  6 17  8  3  2  7  2  8  2  0 16  7  1  6 12  2 14  2]
[18 15  0  8 13 19  9  8  1  8  2 14  2  2  5 14 10  1  4  8 15  6  2  1 15
 17  2  7  2  6  1  8  3  1  7  2 14  2  0 16  7  1  1 12  1  2  2]
step 349, training (test) accuracy 0.744681, cost 21.3984
[ 7 15  0  8 13 19  4  8  1  8 14  8  2  2 10 14 10  1  4  8 15  6  2  2 15
  2  2  7  2  6 17  8  3  2  7  2  8  2  0 16  7  1  6 12  1 14  2]
[18 15  0  8 13 19  9  8  1  8  2 14  2  2  5 14 10  1  4  8 15  6  2  1 15
 17  2  7  2  6  1  8  3  1  7  2 14  2  0 16  7  1  1 12  1  2  2]
step 349, training (test) accuracy 0.765957, cost 21.3064
[ 7 15  0  8 13 19  4  8  1  8 14  8  2  2 10 14 10  1  4  8 15  6  2  2 15
  2  2  7  2  6  1  8  3  2  7  2  8  2  0 16  7  1  6 12  1 14  2]
[18 15  0  8 13 19  9  8  1  8  2 14  2  2  5 14 10  1  4  8 15  6  2  1 15
 17  2  7  2  6  1  8  3  1  7  2 14  2  0 16  7  1  1 12  1  2  2]
step 349, training (test) accuracy 0.765957, cost 21.0262
[ 7 15  0  8 13 19  4  8  1  8 14  8  2  2 10 14 10  1  4  8 15  6  2  2 15
  2  2  7  2  6  1  8  3  2  7  2  8  2  0 16  7  1  6 12  1 14  2]
[18 15  0  8 13 19  9  8  1  8  2 14  2  2  5 14 10  1  4  8 15  6  2  1 15
 17  2  7  2  6  1  8  3  1  7  2 14  2  0 16  7  1  1 12  1  2  2]
step 350, training (test) accuracy 0.744681, cost 20.7451
step 350, training (test) accuracy 0.765957, cost 20.6871
step 350, training (test) accuracy 0.765957, cost 20.6871
[18 15  0  8 13 19  4  8  1 14 14  8  2  2 10 14 10  1  4  8 15  6  2  2 15
  2  2  7  2  6  1  8  3  2  7  2  8  2  0 16  7  1  2 12  1 14  2]
[18 15  0  8 13 19  9  8  1  8  2 14  2  2  5 14 10  1  4  8 15  6  2  1 15
 17  2  7  2  6  1  8  3  1  7  2 14  2  0 16  7  1  1 12  1  2  2]
step 350, training (test) accuracy 0.765957, cost 20.7218
step 350, training (test) accuracy 0.765957, cost 20.7218
[18 15  0  8 13 19  4  8  1 14 14  8  2  2 10 14 10  1  4  8 15  6  2  2 15
  2  2  7  2  6  1  8  3  2  7  2  8  2  0 16  7  1  2 12  1 14  2]
[18 15  0  8 13 19  9  8  1  8  2 14  2  2  5 14 10  1  4  8 15  6  2  1 15
 17  2  7  2  6  1  8  3  1  7  2 14  2  0 16  7  1  1 12  1  2  2]
step 350, training (test) accuracy 0.765957, cost 20.7211
step 350, training (test) accuracy 0.765957, cost 20.7211
[18 15  0  8 13 19  4  8  1 14 14  8  2  2 10 14 10  1  4  8 15  6  2  2 15
  2  2  7  2  6  1  8  3  2  7  2  8  2  0 16  7  1  2 12  1 14  2]
[18 15  0  8 13 19  9  8  1  8  2 14  2  2  5 14 10  1  4  8 15  6  2  1 15
 17  2  7  2  6  1  8  3  1  7  2 14  2  0 16  7  1  1 12  1  2  2]
step 351, training (test) accuracy 0.765957, cost 20.7584
[18 15  0  8 13 19 17  8  1 14 14  8  2  2 10 14 10  1  4  8 15  6  2  2 15
  2  2  7  2  6  1  8  3  2  7  2  8  2  0 16  7  1  2 12  1 14  2]
[18 15  0  8 13 19  9  8  1  8  2 14  2  2  5 14 10  1  4  8 15  6  2  1 15
 17  2  7  2  6  1  8  3  1  7  2 14  2  0 16  7  1  1 12  1  2  2]
step 351, training (test) accuracy 0.765957, cost 20.79
[18 15  0  8 13 19 17  8  1 14 14  8  2  2 10 14 10  1  4  8 15  6  2  2 15
  2  2  7  2  6  1  8  3  2  7  2  8  2  0 16  7  1  2 12  1 14  2]
[18 15  0  8 13 19  9  8  1  8  2 14  2  2  5 14 10  1  4  8 15  6  2  1 15
 17  2  7  2  6  1  8  3  1  7  2 14  2  0 16  7  1  1 12  1  2  2]
step 351, training (test) accuracy 0.765957, cost 20.6564
[18 15  0  8 13 19 17  8  1 14 14  8  2  2 10 14 10  1  4  8 15  6  2  2 15
  2  2  7  2  6  1  8  3  2  7  2  8  2  0 16  7  1  2 12  1 14  2]
[18 15  0  8 13 19  9  8  1  8  2 14  2  2  5 14 10  1  4  8 15  6  2  1 15
 17  2  7  2  6  1  8  3  1  7  2 14  2  0 16  7  1  1 12  1  2  2]
step 375, training (test) accuracy 0.702128, cost 20.9512
step 375, training (test) accuracy 0.702128, cost 20.5083
step 375, training (test) accuracy 0.702128, cost 20.1444
step 375, training (test) accuracy 0.680851, cost 20.0942
step 400, training (test) accuracy 0.659574, cost 26.5317
step 400, training (test) accuracy 0.638298, cost 26.8619
step 400, training (test) accuracy 0.659574, cost 26.4644
step 400, training (test) accuracy 0.659574, cost 26.2843
step 425, training (test) accuracy 0.680851, cost 26.8747
step 425, training (test) accuracy 0.702128, cost 26.9369
step 425, training (test) accuracy 0.702128, cost 27.1728
step 425, training (test) accuracy 0.680851, cost 27.3851
step 450, training (test) accuracy 0.680851, cost 26.3602
step 450, training (test) accuracy 0.659574, cost 26.3344
step 450, training (test) accuracy 0.659574, cost 26.1395
step 450, training (test) accuracy 0.680851, cost 26.0576
step 475, training (test) accuracy 0.638298, cost 28.6576
step 475, training (test) accuracy 0.659574, cost 28.1713
step 475, training (test) accuracy 0.659574, cost 27.7562
step 475, training (test) accuracy 0.659574, cost 27.4732
step 500, training (test) accuracy 0.638298, cost 27.2632
step 500, training (test) accuracy 0.638298, cost 26.8814
step 500, training (test) accuracy 0.574468, cost 26.6405
step 500, training (test) accuracy 0.617021, cost 25.7184
step 525, training (test) accuracy 0.595745, cost 27.0319
step 525, training (test) accuracy 0.595745, cost 27.1366
step 525, training (test) accuracy 0.595745, cost 27.21
step 525, training (test) accuracy 0.595745, cost 27.2613
step 550, training (test) accuracy 0.617021, cost 29.0924
step 550, training (test) accuracy 0.638298, cost 29.4393
step 550, training (test) accuracy 0.638298, cost 29.7913
step 550, training (test) accuracy 0.659574, cost 30.1049
step 575, training (test) accuracy 0.617021, cost 25.9495
step 575, training (test) accuracy 0.574468, cost 26.1115
step 575, training (test) accuracy 0.595745, cost 26.3233
step 575, training (test) accuracy 0.595745, cost 26.4845
step 600, training (test) accuracy 0.702128, cost 23.5953
step 600, training (test) accuracy 0.702128, cost 23.6981
step 600, training (test) accuracy 0.702128, cost 23.7825
step 600, training (test) accuracy 0.680851, cost 23.895
step 625, training (test) accuracy 0.659574, cost 22.4777
step 625, training (test) accuracy 0.659574, cost 22.5993
step 625, training (test) accuracy 0.659574, cost 22.6956
step 625, training (test) accuracy 0.638298, cost 22.9961
step 650, training (test) accuracy 0.617021, cost 24.9168
step 650, training (test) accuracy 0.617021, cost 25.2418
step 650, training (test) accuracy 0.638298, cost 24.3699
step 650, training (test) accuracy 0.617021, cost 23.2308
step 675, training (test) accuracy 0.659574, cost 25.9311
step 675, training (test) accuracy 0.659574, cost 25.6011
step 675, training (test) accuracy 0.638298, cost 25.3599
step 675, training (test) accuracy 0.617021, cost 25.2547
step 700, training (test) accuracy 0.617021, cost 24.527
step 700, training (test) accuracy 0.617021, cost 24.5015
step 700, training (test) accuracy 0.617021, cost 24.4851
step 700, training (test) accuracy 0.617021, cost 24.4753
step 725, training (test) accuracy 0.617021, cost 21.8969
step 725, training (test) accuracy 0.617021, cost 21.9075
step 725, training (test) accuracy 0.617021, cost 21.9311
step 725, training (test) accuracy 0.617021, cost 22.0336
step 750, training (test) accuracy 0.531915, cost 28.1691
step 750, training (test) accuracy 0.531915, cost 28.3274
step 750, training (test) accuracy 0.531915, cost 28.1716
step 750, training (test) accuracy 0.531915, cost 27.9981
step 775, training (test) accuracy 0.617021, cost 22.644
step 775, training (test) accuracy 0.617021, cost 22.5803
step 775, training (test) accuracy 0.617021, cost 22.4964
step 775, training (test) accuracy 0.617021, cost 22.403
step 800, training (test) accuracy 0.638298, cost 23.2051
step 800, training (test) accuracy 0.638298, cost 23.2713
step 800, training (test) accuracy 0.638298, cost 23.3287
step 800, training (test) accuracy 0.638298, cost 23.3765
step 825, training (test) accuracy 0.638298, cost 23.1602
step 825, training (test) accuracy 0.595745, cost 23.5284
step 825, training (test) accuracy 0.617021, cost 24.1097
step 825, training (test) accuracy 0.595745, cost 23.8727
step 850, training (test) accuracy 0.638298, cost 29.0482
step 850, training (test) accuracy 0.638298, cost 29.2732
step 850, training (test) accuracy 0.638298, cost 29.4715
step 850, training (test) accuracy 0.638298, cost 29.5177
step 875, training (test) accuracy 0.617021, cost 29.9004
step 875, training (test) accuracy 0.617021, cost 29.553
step 875, training (test) accuracy 0.617021, cost 29.2024
step 875, training (test) accuracy 0.617021, cost 28.7957
step 900, training (test) accuracy 0.531915, cost 33.1655
step 900, training (test) accuracy 0.553191, cost 33.3186
step 900, training (test) accuracy 0.553191, cost 33.5172
step 900, training (test) accuracy 0.553191, cost 33.4433
step 925, training (test) accuracy 0.595745, cost 21.2829
step 925, training (test) accuracy 0.617021, cost 21.0762
step 925, training (test) accuracy 0.638298, cost 20.9346
step 925, training (test) accuracy 0.638298, cost 20.9525
step 950, training (test) accuracy 0.617021, cost 25.8921
step 950, training (test) accuracy 0.638298, cost 26.1119
step 950, training (test) accuracy 0.638298, cost 26.3643
step 950, training (test) accuracy 0.638298, cost 26.5736
step 975, training (test) accuracy 0.659574, cost 24.4934
step 975, training (test) accuracy 0.659574, cost 24.2681
step 975, training (test) accuracy 0.680851, cost 24.0823
step 975, training (test) accuracy 0.680851, cost 23.9749
step 1000, training (test) accuracy 0.638298, cost 28.7624
step 1000, training (test) accuracy 0.638298, cost 28.7658
step 1000, training (test) accuracy 0.638298, cost 28.7584
step 1000, training (test) accuracy 0.638298, cost 28.7482
step 1025, training (test) accuracy 0.553191, cost 26.5807
step 1025, training (test) accuracy 0.553191, cost 26.7122
step 1025, training (test) accuracy 0.553191, cost 26.8527
step 1025, training (test) accuracy 0.574468, cost 26.986
step 1050, training (test) accuracy 0.595745, cost 22.9915
step 1050, training (test) accuracy 0.595745, cost 22.9256
step 1050, training (test) accuracy 0.595745, cost 22.4417
step 1050, training (test) accuracy 0.574468, cost 21.8481
step 1075, training (test) accuracy 0.574468, cost 26.7911
step 1075, training (test) accuracy 0.574468, cost 26.8033
step 1075, training (test) accuracy 0.574468, cost 26.8378
step 1075, training (test) accuracy 0.553191, cost 26.9438
step 1100, training (test) accuracy 0.680851, cost 27.4262
step 1100, training (test) accuracy 0.680851, cost 27.7261
step 1100, training (test) accuracy 0.680851, cost 27.7997
step 1100, training (test) accuracy 0.659574, cost 27.7976
step 1125, training (test) accuracy 0.638298, cost 25.2413
step 1125, training (test) accuracy 0.638298, cost 25.8305
step 1125, training (test) accuracy 0.638298, cost 26.2814
step 1125, training (test) accuracy 0.638298, cost 26.5422
step 1150, training (test) accuracy 0.723404, cost 22.8863
step 1150, training (test) accuracy 0.723404, cost 22.5948
step 1150, training (test) accuracy 0.723404, cost 22.5392
step 1150, training (test) accuracy 0.723404, cost 22.5394
step 1175, training (test) accuracy 0.553191, cost 28.1714
step 1175, training (test) accuracy 0.574468, cost 28.3625
step 1175, training (test) accuracy 0.595745, cost 28.6851
step 1175, training (test) accuracy 0.595745, cost 28.9426
step 1200, training (test) accuracy 0.574468, cost 36.4224
step 1200, training (test) accuracy 0.574468, cost 36.1479
step 1200, training (test) accuracy 0.595745, cost 35.9185
step 1200, training (test) accuracy 0.595745, cost 35.7188
step 1225, training (test) accuracy 0.617021, cost 26.8049
step 1225, training (test) accuracy 0.617021, cost 26.5372
step 1225, training (test) accuracy 0.638298, cost 26.7646
step 1225, training (test) accuracy 0.638298, cost 26.9539
step 1250, training (test) accuracy 0.531915, cost 29.5647
step 1250, training (test) accuracy 0.531915, cost 29.6093
step 1250, training (test) accuracy 0.553191, cost 29.7175
step 1250, training (test) accuracy 0.553191, cost 30.0074
step 1275, training (test) accuracy 0.553191, cost 33.8086
step 1275, training (test) accuracy 0.553191, cost 34.4859
step 1275, training (test) accuracy 0.510638, cost 35.2905
step 1275, training (test) accuracy 0.531915, cost 35.4443
step 1300, training (test) accuracy 0.659574, cost 25.1458
step 1300, training (test) accuracy 0.680851, cost 25.5911
step 1300, training (test) accuracy 0.702128, cost 26.1224
step 1300, training (test) accuracy 0.702128, cost 26.8013
step 1325, training (test) accuracy 0.489362, cost 32.2504
step 1325, training (test) accuracy 0.489362, cost 32.6461
step 1325, training (test) accuracy 0.489362, cost 29.237
step 1325, training (test) accuracy 0.510638, cost 27.6313
step 1350, training (test) accuracy 0.595745, cost 30.5536
step 1350, training (test) accuracy 0.595745, cost 30.6793
step 1350, training (test) accuracy 0.595745, cost 30.6195
step 1350, training (test) accuracy 0.595745, cost 30.5493
step 1375, training (test) accuracy 0.553191, cost 31.1055
step 1375, training (test) accuracy 0.553191, cost 31.3198
step 1375, training (test) accuracy 0.553191, cost 31.4954
step 1375, training (test) accuracy 0.553191, cost 31.6502
step 1400, training (test) accuracy 0.617021, cost 27.4899
step 1400, training (test) accuracy 0.617021, cost 27.5922
step 1400, training (test) accuracy 0.617021, cost 27.6865
step 1400, training (test) accuracy 0.617021, cost 27.7748
step 1425, training (test) accuracy 0.595745, cost 32.6982
step 1425, training (test) accuracy 0.595745, cost 32.7113
step 1425, training (test) accuracy 0.595745, cost 33.42
step 1425, training (test) accuracy 0.595745, cost 34.1832
step 1450, training (test) accuracy 0.595745, cost 32.378
step 1450, training (test) accuracy 0.574468, cost 32.5008
step 1450, training (test) accuracy 0.553191, cost 32.7059
step 1450, training (test) accuracy 0.553191, cost 32.8804
step 1475, training (test) accuracy 0.531915, cost 32.0738
step 1475, training (test) accuracy 0.553191, cost 32.2129
step 1475, training (test) accuracy 0.574468, cost 32.1992
step 1475, training (test) accuracy 0.574468, cost 32.1249
step 1500, training (test) accuracy 0.553191, cost 34.4065
step 1500, training (test) accuracy 0.553191, cost 35.0039
step 1500, training (test) accuracy 0.574468, cost 34.9197
step 1500, training (test) accuracy 0.574468, cost 33.8863
step 1525, training (test) accuracy 0.595745, cost 30.6268
step 1525, training (test) accuracy 0.595745, cost 30.4785
step 1525, training (test) accuracy 0.595745, cost 30.3547
step 1525, training (test) accuracy 0.595745, cost 30.4205
step 1550, training (test) accuracy 0.638298, cost 29.6899
step 1550, training (test) accuracy 0.617021, cost 29.3011
step 1550, training (test) accuracy 0.638298, cost 29.0671
step 1550, training (test) accuracy 0.659574, cost 29.0033
step 1575, training (test) accuracy 0.574468, cost 31.1771
step 1575, training (test) accuracy 0.574468, cost 30.804
step 1575, training (test) accuracy 0.595745, cost 30.6165
step 1575, training (test) accuracy 0.595745, cost 30.493
step 1600, training (test) accuracy 0.595745, cost 31.77
step 1600, training (test) accuracy 0.617021, cost 32.2273
step 1600, training (test) accuracy 0.617021, cost 32.7741
step 1600, training (test) accuracy 0.617021, cost 33.3864
step 1625, training (test) accuracy 0.617021, cost 30.7481
step 1625, training (test) accuracy 0.617021, cost 30.7606
step 1625, training (test) accuracy 0.617021, cost 30.7937
step 1625, training (test) accuracy 0.617021, cost 30.8276
step 1650, training (test) accuracy 0.531915, cost 25.6482
step 1650, training (test) accuracy 0.531915, cost 25.6725
step 1650, training (test) accuracy 0.510638, cost 25.2512
step 1650, training (test) accuracy 0.510638, cost 25.3231
step 1675, training (test) accuracy 0.595745, cost 30
step 1675, training (test) accuracy 0.595745, cost 30.3653
step 1675, training (test) accuracy 0.595745, cost 30.6899
step 1675, training (test) accuracy 0.574468, cost 31.0204
step 1700, training (test) accuracy 0.553191, cost 39.4466
step 1700, training (test) accuracy 0.553191, cost 39.4349
step 1700, training (test) accuracy 0.553191, cost 39.3041
step 1700, training (test) accuracy 0.531915, cost 39.1698
step 1725, training (test) accuracy 0.617021, cost 28.1424
step 1725, training (test) accuracy 0.617021, cost 28.0077
step 1725, training (test) accuracy 0.638298, cost 28.2101
step 1725, training (test) accuracy 0.659574, cost 28.3902
step 1750, training (test) accuracy 0.702128, cost 21.5661
step 1750, training (test) accuracy 0.702128, cost 21.6545
step 1750, training (test) accuracy 0.638298, cost 21.4425
step 1750, training (test) accuracy 0.617021, cost 21.4754
step 1775, training (test) accuracy 0.617021, cost 28.4174
step 1775, training (test) accuracy 0.617021, cost 27.9806
step 1775, training (test) accuracy 0.617021, cost 27.6391
step 1775, training (test) accuracy 0.638298, cost 27.4072
step 1800, training (test) accuracy 0.595745, cost 32.319
step 1800, training (test) accuracy 0.595745, cost 32.3364
step 1800, training (test) accuracy 0.595745, cost 32.3506
step 1800, training (test) accuracy 0.595745, cost 32.3629
step 1825, training (test) accuracy 0.617021, cost 30.4583
step 1825, training (test) accuracy 0.617021, cost 30.3991
step 1825, training (test) accuracy 0.617021, cost 30.3439
step 1825, training (test) accuracy 0.617021, cost 30.2936
step 1850, training (test) accuracy 0.638298, cost 32.6741
step 1850, training (test) accuracy 0.638298, cost 33.0497
step 1850, training (test) accuracy 0.638298, cost 33.3744
step 1850, training (test) accuracy 0.638298, cost 33.4537
step 1875, training (test) accuracy 0.638298, cost 36.387
step 1875, training (test) accuracy 0.638298, cost 36.4155
step 1875, training (test) accuracy 0.595745, cost 36.5533
step 1875, training (test) accuracy 0.574468, cost 36.6935
step 1900, training (test) accuracy 0.553191, cost 30.2534
step 1900, training (test) accuracy 0.553191, cost 30.2663
step 1900, training (test) accuracy 0.553191, cost 30.2565
step 1900, training (test) accuracy 0.553191, cost 30.2473
step 1925, training (test) accuracy 0.553191, cost 34.9855
step 1925, training (test) accuracy 0.553191, cost 34.9984
step 1925, training (test) accuracy 0.553191, cost 35.0063
step 1925, training (test) accuracy 0.553191, cost 34.9919
step 1950, training (test) accuracy 0.595745, cost 25.5061
step 1950, training (test) accuracy 0.595745, cost 25.4978
step 1950, training (test) accuracy 0.574468, cost 25.4693
step 1950, training (test) accuracy 0.574468, cost 25.4549
step 1975, training (test) accuracy 0.659574, cost 25.3402
step 1975, training (test) accuracy 0.659574, cost 25.2116
step 1975, training (test) accuracy 0.680851, cost 24.95
step 1975, training (test) accuracy 0.680851, cost 24.7847
Finished learning...
0.617021
