I tensorflow/stream_executor/dso_loader.cc:111] successfully opened CUDA library libcublas.so locally
I tensorflow/stream_executor/dso_loader.cc:111] successfully opened CUDA library libcudnn.so locally
I tensorflow/stream_executor/dso_loader.cc:111] successfully opened CUDA library libcufft.so locally
I tensorflow/stream_executor/dso_loader.cc:111] successfully opened CUDA library libcuda.so.1 locally
I tensorflow/stream_executor/dso_loader.cc:111] successfully opened CUDA library libcurand.so locally
E tensorflow/stream_executor/cuda/cuda_driver.cc:491] failed call to cuInit: CUDA_ERROR_NO_DEVICE
I tensorflow/stream_executor/cuda/cuda_diagnostics.cc:153] retrieving CUDA diagnostic information for host: compute05
I tensorflow/stream_executor/cuda/cuda_diagnostics.cc:160] hostname: compute05
I tensorflow/stream_executor/cuda/cuda_diagnostics.cc:185] libcuda reported version is: 352.99.0
I tensorflow/stream_executor/cuda/cuda_diagnostics.cc:356] driver version file contents: """NVRM version: NVIDIA UNIX x86_64 Kernel Module  352.99  Mon Jul  4 23:52:14 PDT 2016
GCC version:  gcc version 4.8.5 20150623 (Red Hat 4.8.5-4) (GCC) 
"""
I tensorflow/stream_executor/cuda/cuda_diagnostics.cc:189] kernel reported version is: 352.99.0
I tensorflow/stream_executor/cuda/cuda_diagnostics.cc:293] kernel version seems to match DSO: 352.99.0
Running with stride 2 and seed 3000
(1, 228, 117660)
47
(181, 117660)
7872
(?, 600)
(?, 100)
started learning...
step 0, training (test) accuracy 0.0638298, cost 64331.4
step 0, training (test) accuracy 0.212766, cost 43867
step 0, training (test) accuracy 0.0851064, cost 32282.4
step 0, training (test) accuracy 0.0851064, cost 22501.5
step 25, training (test) accuracy 0.0212766, cost 5.24776
step 25, training (test) accuracy 0.0212766, cost 4.92646
step 25, training (test) accuracy 0.0212766, cost 5.65692
step 25, training (test) accuracy 0.0212766, cost 6.40503
step 50, training (test) accuracy 0.212766, cost 2.99302
step 50, training (test) accuracy 0.212766, cost 2.993
step 50, training (test) accuracy 0.212766, cost 2.99298
step 50, training (test) accuracy 0.212766, cost 2.99296
step 75, training (test) accuracy 0.212766, cost 2.99084
step 75, training (test) accuracy 0.212766, cost 2.99081
step 75, training (test) accuracy 0.212766, cost 2.99079
step 75, training (test) accuracy 0.212766, cost 2.99077
step 100, training (test) accuracy 0.212766, cost 2.98859
step 100, training (test) accuracy 0.212766, cost 2.98857
step 100, training (test) accuracy 0.212766, cost 2.98855
step 100, training (test) accuracy 0.212766, cost 2.98852
step 125, training (test) accuracy 0.212766, cost 2.98628
step 125, training (test) accuracy 0.212766, cost 2.98626
step 125, training (test) accuracy 0.212766, cost 2.98624
step 125, training (test) accuracy 0.212766, cost 2.98621
step 150, training (test) accuracy 0.212766, cost 2.98398
step 150, training (test) accuracy 0.212766, cost 2.98396
step 150, training (test) accuracy 0.212766, cost 2.98393
step 150, training (test) accuracy 0.212766, cost 2.98391
step 175, training (test) accuracy 0.212766, cost 2.98167
step 175, training (test) accuracy 0.212766, cost 2.98165
step 175, training (test) accuracy 0.212766, cost 2.98163
step 175, training (test) accuracy 0.212766, cost 2.9816
step 200, training (test) accuracy 0.212766, cost 2.97938
step 200, training (test) accuracy 0.212766, cost 2.97936
step 200, training (test) accuracy 0.212766, cost 2.97934
step 200, training (test) accuracy 0.212766, cost 2.97932
step 225, training (test) accuracy 0.212766, cost 2.97713
step 225, training (test) accuracy 0.212766, cost 2.97711
step 225, training (test) accuracy 0.212766, cost 2.97709
step 225, training (test) accuracy 0.212766, cost 2.97706
step 250, training (test) accuracy 0.212766, cost 2.97488
step 250, training (test) accuracy 0.212766, cost 2.97486
step 250, training (test) accuracy 0.212766, cost 2.97484
step 250, training (test) accuracy 0.212766, cost 2.97482
step 275, training (test) accuracy 0.212766, cost 2.97266
step 275, training (test) accuracy 0.212766, cost 2.97264
step 275, training (test) accuracy 0.212766, cost 2.97261
step 275, training (test) accuracy 0.212766, cost 2.97259
step 300, training (test) accuracy 0.212766, cost 2.97047
step 300, training (test) accuracy 0.212766, cost 2.97044
step 300, training (test) accuracy 0.212766, cost 2.97042
step 300, training (test) accuracy 0.212766, cost 2.9704
step 325, training (test) accuracy 0.212766, cost 2.96829
step 325, training (test) accuracy 0.212766, cost 2.96827
step 325, training (test) accuracy 0.212766, cost 2.96824
step 325, training (test) accuracy 0.212766, cost 2.96822
step 350, training (test) accuracy 0.212766, cost 2.96613
step 350, training (test) accuracy 0.212766, cost 2.96611
step 350, training (test) accuracy 0.212766, cost 2.96609
step 350, training (test) accuracy 0.212766, cost 2.96607
step 375, training (test) accuracy 0.212766, cost 2.96401
step 375, training (test) accuracy 0.212766, cost 2.96398
step 375, training (test) accuracy 0.212766, cost 2.96396
step 375, training (test) accuracy 0.212766, cost 2.96394
step 400, training (test) accuracy 0.212766, cost 2.96189
step 400, training (test) accuracy 0.212766, cost 2.96187
step 400, training (test) accuracy 0.212766, cost 2.96184
step 400, training (test) accuracy 0.212766, cost 2.96182
step 425, training (test) accuracy 0.212766, cost 2.95981
step 425, training (test) accuracy 0.212766, cost 2.95979
step 425, training (test) accuracy 0.212766, cost 2.95976
step 425, training (test) accuracy 0.212766, cost 2.95974
step 450, training (test) accuracy 0.212766, cost 2.95775
step 450, training (test) accuracy 0.212766, cost 2.95773
step 450, training (test) accuracy 0.212766, cost 2.95771
step 450, training (test) accuracy 0.212766, cost 2.95769
step 475, training (test) accuracy 0.212766, cost 2.95571
step 475, training (test) accuracy 0.212766, cost 2.95569
step 475, training (test) accuracy 0.212766, cost 2.95567
step 475, training (test) accuracy 0.212766, cost 2.95565
step 500, training (test) accuracy 0.212766, cost 2.95371
step 500, training (test) accuracy 0.212766, cost 2.95369
step 500, training (test) accuracy 0.212766, cost 2.95367
step 500, training (test) accuracy 0.212766, cost 2.95365
step 525, training (test) accuracy 0.212766, cost 2.95174
step 525, training (test) accuracy 0.212766, cost 2.95172
step 525, training (test) accuracy 0.212766, cost 2.9517
step 525, training (test) accuracy 0.212766, cost 2.95168
step 550, training (test) accuracy 0.212766, cost 2.94979
step 550, training (test) accuracy 0.212766, cost 2.94977
step 550, training (test) accuracy 0.212766, cost 2.94975
step 550, training (test) accuracy 0.212766, cost 2.94973
step 575, training (test) accuracy 0.212766, cost 2.94788
step 575, training (test) accuracy 0.212766, cost 2.94786
step 575, training (test) accuracy 0.212766, cost 2.94784
step 575, training (test) accuracy 0.212766, cost 2.94782
step 600, training (test) accuracy 0.212766, cost 2.94597
step 600, training (test) accuracy 0.212766, cost 2.94595
step 600, training (test) accuracy 0.212766, cost 2.94593
step 600, training (test) accuracy 0.212766, cost 2.94591
step 625, training (test) accuracy 0.212766, cost 2.9441
step 625, training (test) accuracy 0.212766, cost 2.94408
step 625, training (test) accuracy 0.212766, cost 2.94406
step 625, training (test) accuracy 0.212766, cost 2.94405
step 650, training (test) accuracy 0.212766, cost 2.94226
step 650, training (test) accuracy 0.212766, cost 2.94224
step 650, training (test) accuracy 0.212766, cost 2.94222
step 650, training (test) accuracy 0.212766, cost 2.9422
step 675, training (test) accuracy 0.212766, cost 2.94044
step 675, training (test) accuracy 0.212766, cost 2.94042
step 675, training (test) accuracy 0.212766, cost 2.9404
step 675, training (test) accuracy 0.212766, cost 2.94038
step 700, training (test) accuracy 0.212766, cost 2.93865
step 700, training (test) accuracy 0.212766, cost 2.93863
step 700, training (test) accuracy 0.212766, cost 2.93861
step 700, training (test) accuracy 0.212766, cost 2.93859
step 725, training (test) accuracy 0.212766, cost 2.93688
step 725, training (test) accuracy 0.212766, cost 2.93686
step 725, training (test) accuracy 0.212766, cost 2.93684
step 725, training (test) accuracy 0.212766, cost 2.93683
step 750, training (test) accuracy 0.212766, cost 2.93514
step 750, training (test) accuracy 0.212766, cost 2.93512
step 750, training (test) accuracy 0.212766, cost 2.9351
step 750, training (test) accuracy 0.212766, cost 2.93508
step 775, training (test) accuracy 0.212766, cost 2.93342
step 775, training (test) accuracy 0.212766, cost 2.93341
step 775, training (test) accuracy 0.212766, cost 2.93339
step 775, training (test) accuracy 0.212766, cost 2.93337
step 800, training (test) accuracy 0.212766, cost 2.93173
step 800, training (test) accuracy 0.212766, cost 2.93171
step 800, training (test) accuracy 0.212766, cost 2.93169
step 800, training (test) accuracy 0.212766, cost 2.93168
step 825, training (test) accuracy 0.212766, cost 2.93006
step 825, training (test) accuracy 0.212766, cost 2.93004
step 825, training (test) accuracy 0.212766, cost 2.93002
step 825, training (test) accuracy 0.212766, cost 2.93001
step 850, training (test) accuracy 0.212766, cost 2.92841
step 850, training (test) accuracy 0.212766, cost 2.92839
step 850, training (test) accuracy 0.212766, cost 2.92837
step 850, training (test) accuracy 0.212766, cost 2.92836
step 875, training (test) accuracy 0.212766, cost 2.92678
step 875, training (test) accuracy 0.212766, cost 2.92676
step 875, training (test) accuracy 0.212766, cost 2.92675
step 875, training (test) accuracy 0.212766, cost 2.92673
step 900, training (test) accuracy 0.212766, cost 2.92518
step 900, training (test) accuracy 0.212766, cost 2.92517
step 900, training (test) accuracy 0.212766, cost 2.92515
step 900, training (test) accuracy 0.212766, cost 2.92514
step 925, training (test) accuracy 0.212766, cost 2.9236
step 925, training (test) accuracy 0.212766, cost 2.92359
step 925, training (test) accuracy 0.212766, cost 2.92357
step 925, training (test) accuracy 0.212766, cost 2.92355
step 950, training (test) accuracy 0.212766, cost 2.92204
step 950, training (test) accuracy 0.212766, cost 2.92203
step 950, training (test) accuracy 0.212766, cost 2.92201
step 950, training (test) accuracy 0.212766, cost 2.922
step 975, training (test) accuracy 0.212766, cost 2.92051
step 975, training (test) accuracy 0.212766, cost 2.9205
step 975, training (test) accuracy 0.212766, cost 2.92048
step 975, training (test) accuracy 0.212766, cost 2.92047
step 1000, training (test) accuracy 0.212766, cost 2.91902
step 1000, training (test) accuracy 0.212766, cost 2.919
step 1000, training (test) accuracy 0.212766, cost 2.91898
step 1000, training (test) accuracy 0.212766, cost 2.91897
step 1025, training (test) accuracy 0.212766, cost 2.91753
step 1025, training (test) accuracy 0.212766, cost 2.91752
step 1025, training (test) accuracy 0.212766, cost 2.9175
step 1025, training (test) accuracy 0.212766, cost 2.91749
step 1050, training (test) accuracy 0.212766, cost 2.91607
step 1050, training (test) accuracy 0.212766, cost 2.91606
step 1050, training (test) accuracy 0.212766, cost 2.91604
step 1050, training (test) accuracy 0.212766, cost 2.91603
step 1075, training (test) accuracy 0.212766, cost 2.91463
step 1075, training (test) accuracy 0.212766, cost 2.91462
step 1075, training (test) accuracy 0.212766, cost 2.9146
step 1075, training (test) accuracy 0.212766, cost 2.91459
step 1100, training (test) accuracy 0.212766, cost 2.91323
step 1100, training (test) accuracy 0.212766, cost 2.91321
step 1100, training (test) accuracy 0.212766, cost 2.9132
step 1100, training (test) accuracy 0.212766, cost 2.91318
step 1125, training (test) accuracy 0.212766, cost 2.91183
step 1125, training (test) accuracy 0.212766, cost 2.91182
step 1125, training (test) accuracy 0.212766, cost 2.91181
step 1125, training (test) accuracy 0.212766, cost 2.91179
step 1150, training (test) accuracy 0.212766, cost 2.91046
step 1150, training (test) accuracy 0.212766, cost 2.91045
step 1150, training (test) accuracy 0.212766, cost 2.91043
step 1150, training (test) accuracy 0.212766, cost 2.91042
step 1175, training (test) accuracy 0.212766, cost 2.90911
step 1175, training (test) accuracy 0.212766, cost 2.9091
step 1175, training (test) accuracy 0.212766, cost 2.90908
step 1175, training (test) accuracy 0.212766, cost 2.90907
step 1200, training (test) accuracy 0.212766, cost 2.90779
step 1200, training (test) accuracy 0.212766, cost 2.90777
step 1200, training (test) accuracy 0.212766, cost 2.90776
step 1200, training (test) accuracy 0.212766, cost 2.90775
step 1225, training (test) accuracy 0.212766, cost 2.90649
step 1225, training (test) accuracy 0.212766, cost 2.90647
step 1225, training (test) accuracy 0.212766, cost 2.90646
step 1225, training (test) accuracy 0.212766, cost 2.90645
step 1250, training (test) accuracy 0.212766, cost 2.9052
step 1250, training (test) accuracy 0.212766, cost 2.90519
step 1250, training (test) accuracy 0.212766, cost 2.90518
step 1250, training (test) accuracy 0.212766, cost 2.90516
step 1275, training (test) accuracy 0.212766, cost 2.90395
step 1275, training (test) accuracy 0.212766, cost 2.90393
step 1275, training (test) accuracy 0.212766, cost 2.90392
step 1275, training (test) accuracy 0.212766, cost 2.90391
step 1300, training (test) accuracy 0.212766, cost 2.90271
step 1300, training (test) accuracy 0.212766, cost 2.9027
step 1300, training (test) accuracy 0.212766, cost 2.90268
step 1300, training (test) accuracy 0.212766, cost 2.90267
step 1325, training (test) accuracy 0.212766, cost 2.90149
step 1325, training (test) accuracy 0.212766, cost 2.90147
step 1325, training (test) accuracy 0.212766, cost 2.90146
step 1325, training (test) accuracy 0.212766, cost 2.90145
step 1350, training (test) accuracy 0.212766, cost 2.90029
step 1350, training (test) accuracy 0.212766, cost 2.90027
step 1350, training (test) accuracy 0.212766, cost 2.90026
step 1350, training (test) accuracy 0.212766, cost 2.90025
step 1375, training (test) accuracy 0.212766, cost 2.89911
step 1375, training (test) accuracy 0.212766, cost 2.89909
step 1375, training (test) accuracy 0.212766, cost 2.89908
step 1375, training (test) accuracy 0.212766, cost 2.89907
step 1400, training (test) accuracy 0.212766, cost 2.89795
step 1400, training (test) accuracy 0.212766, cost 2.89794
step 1400, training (test) accuracy 0.212766, cost 2.89793
step 1400, training (test) accuracy 0.212766, cost 2.89792
step 1425, training (test) accuracy 0.212766, cost 2.89682
step 1425, training (test) accuracy 0.212766, cost 2.89681
step 1425, training (test) accuracy 0.212766, cost 2.8968
step 1425, training (test) accuracy 0.212766, cost 2.89679
step 1450, training (test) accuracy 0.212766, cost 2.89571
step 1450, training (test) accuracy 0.212766, cost 2.8957
step 1450, training (test) accuracy 0.212766, cost 2.89569
step 1450, training (test) accuracy 0.212766, cost 2.89568
step 1475, training (test) accuracy 0.212766, cost 2.89461
step 1475, training (test) accuracy 0.212766, cost 2.8946
step 1475, training (test) accuracy 0.212766, cost 2.89459
step 1475, training (test) accuracy 0.212766, cost 2.89458
step 1500, training (test) accuracy 0.212766, cost 2.89353
step 1500, training (test) accuracy 0.212766, cost 2.89352
step 1500, training (test) accuracy 0.212766, cost 2.89351
step 1500, training (test) accuracy 0.212766, cost 2.8935
step 1525, training (test) accuracy 0.212766, cost 2.89248
step 1525, training (test) accuracy 0.212766, cost 2.89246
step 1525, training (test) accuracy 0.212766, cost 2.89245
step 1525, training (test) accuracy 0.212766, cost 2.89244
step 1550, training (test) accuracy 0.212766, cost 2.89143
step 1550, training (test) accuracy 0.212766, cost 2.89142
step 1550, training (test) accuracy 0.212766, cost 2.89141
step 1550, training (test) accuracy 0.212766, cost 2.8914
step 1575, training (test) accuracy 0.212766, cost 2.89042
step 1575, training (test) accuracy 0.212766, cost 2.89041
step 1575, training (test) accuracy 0.212766, cost 2.89039
step 1575, training (test) accuracy 0.212766, cost 2.89039
step 1600, training (test) accuracy 0.212766, cost 2.88941
step 1600, training (test) accuracy 0.212766, cost 2.8894
step 1600, training (test) accuracy 0.212766, cost 2.88939
step 1600, training (test) accuracy 0.212766, cost 2.88938
step 1625, training (test) accuracy 0.212766, cost 2.88844
step 1625, training (test) accuracy 0.212766, cost 2.88843
step 1625, training (test) accuracy 0.212766, cost 2.88842
step 1625, training (test) accuracy 0.212766, cost 2.88841
step 1650, training (test) accuracy 0.212766, cost 2.88747
step 1650, training (test) accuracy 0.212766, cost 2.88746
step 1650, training (test) accuracy 0.212766, cost 2.88745
step 1650, training (test) accuracy 0.212766, cost 2.88744
step 1675, training (test) accuracy 0.212766, cost 2.88653
step 1675, training (test) accuracy 0.212766, cost 2.88652
step 1675, training (test) accuracy 0.212766, cost 2.88651
step 1675, training (test) accuracy 0.212766, cost 2.8865
step 1700, training (test) accuracy 0.212766, cost 2.88561
step 1700, training (test) accuracy 0.212766, cost 2.8856
step 1700, training (test) accuracy 0.212766, cost 2.88559
step 1700, training (test) accuracy 0.212766, cost 2.88558
step 1725, training (test) accuracy 0.212766, cost 2.8847
step 1725, training (test) accuracy 0.212766, cost 2.88469
step 1725, training (test) accuracy 0.212766, cost 2.88468
step 1725, training (test) accuracy 0.212766, cost 2.88467
step 1750, training (test) accuracy 0.212766, cost 2.88381
step 1750, training (test) accuracy 0.212766, cost 2.8838
step 1750, training (test) accuracy 0.212766, cost 2.88379
step 1750, training (test) accuracy 0.212766, cost 2.88378
step 1775, training (test) accuracy 0.212766, cost 2.88294
step 1775, training (test) accuracy 0.212766, cost 2.88293
step 1775, training (test) accuracy 0.212766, cost 2.88292
step 1775, training (test) accuracy 0.212766, cost 2.88291
step 1800, training (test) accuracy 0.212766, cost 2.8821
step 1800, training (test) accuracy 0.212766, cost 2.88209
step 1800, training (test) accuracy 0.212766, cost 2.88208
step 1800, training (test) accuracy 0.212766, cost 2.88207
step 1825, training (test) accuracy 0.212766, cost 2.88126
step 1825, training (test) accuracy 0.212766, cost 2.88126
step 1825, training (test) accuracy 0.212766, cost 2.88125
step 1825, training (test) accuracy 0.212766, cost 2.88124
step 1850, training (test) accuracy 0.212766, cost 2.88045
step 1850, training (test) accuracy 0.212766, cost 2.88044
step 1850, training (test) accuracy 0.212766, cost 2.88043
step 1850, training (test) accuracy 0.212766, cost 2.88042
step 1875, training (test) accuracy 0.212766, cost 2.87965
step 1875, training (test) accuracy 0.212766, cost 2.87964
step 1875, training (test) accuracy 0.212766, cost 2.87963
step 1875, training (test) accuracy 0.212766, cost 2.87963
step 1900, training (test) accuracy 0.212766, cost 2.87887
step 1900, training (test) accuracy 0.212766, cost 2.87886
step 1900, training (test) accuracy 0.212766, cost 2.87885
step 1900, training (test) accuracy 0.212766, cost 2.87885
step 1925, training (test) accuracy 0.212766, cost 2.87811
step 1925, training (test) accuracy 0.212766, cost 2.8781
step 1925, training (test) accuracy 0.212766, cost 2.87809
step 1925, training (test) accuracy 0.212766, cost 2.87808
step 1950, training (test) accuracy 0.212766, cost 2.87736
step 1950, training (test) accuracy 0.212766, cost 2.87735
step 1950, training (test) accuracy 0.212766, cost 2.87734
step 1950, training (test) accuracy 0.212766, cost 2.87734
step 1975, training (test) accuracy 0.212766, cost 2.87663
step 1975, training (test) accuracy 0.212766, cost 2.87662
step 1975, training (test) accuracy 0.212766, cost 2.87661
step 1975, training (test) accuracy 0.212766, cost 2.87661
Finished learning...
0.212766
