I tensorflow/stream_executor/dso_loader.cc:111] successfully opened CUDA library libcublas.so locally
I tensorflow/stream_executor/dso_loader.cc:111] successfully opened CUDA library libcudnn.so locally
I tensorflow/stream_executor/dso_loader.cc:111] successfully opened CUDA library libcufft.so locally
I tensorflow/stream_executor/dso_loader.cc:111] successfully opened CUDA library libcuda.so.1 locally
I tensorflow/stream_executor/dso_loader.cc:111] successfully opened CUDA library libcurand.so locally
E tensorflow/stream_executor/cuda/cuda_driver.cc:491] failed call to cuInit: CUDA_ERROR_NO_DEVICE
I tensorflow/stream_executor/cuda/cuda_diagnostics.cc:153] retrieving CUDA diagnostic information for host: compute05
I tensorflow/stream_executor/cuda/cuda_diagnostics.cc:160] hostname: compute05
I tensorflow/stream_executor/cuda/cuda_diagnostics.cc:185] libcuda reported version is: 352.99.0
I tensorflow/stream_executor/cuda/cuda_diagnostics.cc:356] driver version file contents: """NVRM version: NVIDIA UNIX x86_64 Kernel Module  352.99  Mon Jul  4 23:52:14 PDT 2016
GCC version:  gcc version 4.8.5 20150623 (Red Hat 4.8.5-4) (GCC) 
"""
I tensorflow/stream_executor/cuda/cuda_diagnostics.cc:189] kernel reported version is: 352.99.0
I tensorflow/stream_executor/cuda/cuda_diagnostics.cc:293] kernel version seems to match DSO: 352.99.0
Running with stride 7 and seed 3000
(1, 228, 117660)
47
(181, 117660)
704
(?, 600)
(?, 100)
started learning...
step 0, training (test) accuracy 0.0425532, cost 30326.4
step 0, training (test) accuracy 0.0425532, cost 24796.5
step 0, training (test) accuracy 0.0425532, cost 20039.4
step 0, training (test) accuracy 0.0212766, cost 16109.5
step 25, training (test) accuracy 0.340426, cost 167.594
step 25, training (test) accuracy 0.382979, cost 168.687
step 25, training (test) accuracy 0.382979, cost 172.618
step 25, training (test) accuracy 0.361702, cost 172.841
step 50, training (test) accuracy 0.489362, cost 56.9372
step 50, training (test) accuracy 0.510638, cost 59.7457
step 50, training (test) accuracy 0.510638, cost 56.3253
step 50, training (test) accuracy 0.531915, cost 53.7395
step 75, training (test) accuracy 0.617021, cost 35.1288
step 75, training (test) accuracy 0.574468, cost 35.8065
step 75, training (test) accuracy 0.574468, cost 36.5452
step 75, training (test) accuracy 0.574468, cost 36.4009
step 76, training (test) accuracy 0.659574, cost 35.3993
[ 7 15  0  8 13 19 14  8  1 14  2  8  2  2 10 14 10  1 11  8 15  9  2  2 15
  2  1  7  1  6  1  8  3  1  7  1  8  1  0 16  7  1  1 17  1 14  2]
[18 15  0  8 13 19  9  8  1  8  2 14  2  2  5 14 10  1  4  8 15  6  2  1 15
 17  2  7  2  6  1  8  3  1  7  2 14  2  0 16  7  1  1 12  1  2  2]
step 80, training (test) accuracy 0.659574, cost 28.8767
[ 7 15  0  8 13  4  4  8  1 14  2  8  2  2 10 14 10 13  4  8 15  6  2  2 15
  2  1  7  1  6 17  8  3  2  7  1  8  2  0 16  7  1  1 12  1 14  2]
[18 15  0  8 13 19  9  8  1  8  2 14  2  2  5 14 10  1  4  8 15  6  2  1 15
 17  2  7  2  6  1  8  3  1  7  2 14  2  0 16  7  1  1 12  1  2  2]
step 80, training (test) accuracy 0.659574, cost 28.5431
[ 7 15  0  8 13  4  4  8  1 14  2  8  2  2 10 14 10 13  4  8 15  6  2  2 15
  2  1  7  1  6 17  8  3  2  7  1  8  2  0 16  7  1  1 12  1 14  2]
[18 15  0  8 13 19  9  8  1  8  2 14  2  2  5 14 10  1  4  8 15  6  2  1 15
 17  2  7  2  6  1  8  3  1  7  2 14  2  0 16  7  1  1 12  1  2  2]
step 80, training (test) accuracy 0.680851, cost 27.9304
[ 7 15  0  8 13  4  4  8  1 14  2  8  2  2 10  2 10  1  4  8 15  6  2  2 15
  2  1  7  1  6 17  8  3  1  7  1  8  2  0 16  7  1  1 12  1 14  2]
[18 15  0  8 13 19  9  8  1  8  2 14  2  2  5 14 10  1  4  8 15  6  2  1 15
 17  2  7  2  6  1  8  3  1  7  2 14  2  0 16  7  1  1 12  1  2  2]
step 98, training (test) accuracy 0.702128, cost 25.4229
[ 7 15  0  8 13 19 19  8  1 14  2  8  2  2 10  2 10 13  4  8 15  6  2  2 15
  2  2  7  1  6  1  8  3  1  7 13  8  2  0 16  7  1 13 12  1 14  2]
[18 15  0  8 13 19  9  8  1  8  2 14  2  2  5 14 10  1  4  8 15  6  2  1 15
 17  2  7  2  6  1  8  3  1  7  2 14  2  0 16  7  1  1 12  1  2  2]
step 100, training (test) accuracy 0.638298, cost 25.4513
step 100, training (test) accuracy 0.638298, cost 25.7165
step 100, training (test) accuracy 0.638298, cost 25.9543
step 100, training (test) accuracy 0.595745, cost 26.4147
step 116, training (test) accuracy 0.702128, cost 21.3994
[18 15  0  8 13 19 17  8  1 14 14  8  2  2 10  5 10  1  4  8 15  6  2  2 15
 17  2  7  1  6  1  8 12  2  7  1  8  2  0 16  7  1  6 12  1 14  2]
[18 15  0  8 13 19  9  8  1  8  2 14  2  2  5 14 10  1  4  8 15  6  2  1 15
 17  2  7  2  6  1  8  3  1  7  2 14  2  0 16  7  1  1 12  1  2  2]
step 125, training (test) accuracy 0.638298, cost 26.6935
step 125, training (test) accuracy 0.638298, cost 26.7273
step 125, training (test) accuracy 0.595745, cost 26.8047
step 125, training (test) accuracy 0.574468, cost 26.353
step 135, training (test) accuracy 0.723404, cost 23.5171
[18 15  0  8 13 19 19  8  1 14  2  8  2  2 10  2 10  1  4  8 15  6  2  2 15
  2  2  7  2  6  1  8 12  2  7  1  8  2  0 16  7  1  6 12  1  1  2]
[18 15  0  8 13 19  9  8  1  8  2 14  2  2  5 14 10  1  4  8 15  6  2  1 15
 17  2  7  2  6  1  8  3  1  7  2 14  2  0 16  7  1  1 12  1  2  2]
step 150, training (test) accuracy 0.659574, cost 23.1904
step 150, training (test) accuracy 0.638298, cost 23.7761
step 150, training (test) accuracy 0.638298, cost 24.2256
step 150, training (test) accuracy 0.638298, cost 24.7162
step 175, training (test) accuracy 0.617021, cost 23.6447
step 175, training (test) accuracy 0.617021, cost 23.8538
step 175, training (test) accuracy 0.617021, cost 24.3289
step 175, training (test) accuracy 0.617021, cost 24.7765
step 178, training (test) accuracy 0.723404, cost 23.4748
[ 7 15  0  8 13 19 14  8  1 14  2  8  2  2 10  2 10  1  4  8 15  6  2  2 15
  2  2  7  2  6 17  8  3  2  7  1  8  2  0 16  7  1  1 12  1 14  2]
[18 15  0  8 13 19  9  8  1  8  2 14  2  2  5 14 10  1  4  8 15  6  2  1 15
 17  2  7  2  6  1  8  3  1  7  2 14  2  0 16  7  1  1 12  1  2  2]
step 179, training (test) accuracy 0.723404, cost 22.8271
[ 7 15  0  8 13 19 14  8  1 14  2  8  2  2 10  2 10  1  4  8 15  6  2  2 15
  2  2  7  2  6 17  8  3  2  7  1  8  2  0 16  7  1  1 12  1 14  2]
[18 15  0  8 13 19  9  8  1  8  2 14  2  2  5 14 10  1  4  8 15  6  2  1 15
 17  2  7  2  6  1  8  3  1  7  2 14  2  0 16  7  1  1 12  1  2  2]
step 180, training (test) accuracy 0.723404, cost 22.3149
[ 7 15  0  8 13 19 14  8  1 14  2  8  2  2 10  2 10  2  4  8 15  6  2  2 15
  2  2  7  2  6 17  8  3  1  7  1  8  2  0 16  7  1  1 12  1 14  2]
[18 15  0  8 13 19  9  8  1  8  2 14  2  2  5 14 10  1  4  8 15  6  2  1 15
 17  2  7  2  6  1  8  3  1  7  2 14  2  0 16  7  1  1 12  1  2  2]
step 184, training (test) accuracy 0.723404, cost 20.0805
[ 4 15  0  8 13 19 17  8  1 14  2  8  2  2 10  2 10  2  4  8 15  6  2  2 15
 17  2  7  2  6  1  8  3  2  7  2  8  2  0 16  7  1  6 12  8  1  2]
[18 15  0  8 13 19  9  8  1  8  2 14  2  2  5 14 10  1  4  8 15  6  2  1 15
 17  2  7  2  6  1  8  3  1  7  2 14  2  0 16  7  1  1 12  1  2  2]
step 184, training (test) accuracy 0.723404, cost 19.8102
[ 4 15  0  8 13 19 17  8  1 14  2  8  2  2 10  2 10  2  4  8 15  6  2  2 15
 17  2  7  2  6  1  8  3  2  7  2  8  2  0 16  7  1  6 12  8  1  2]
[18 15  0  8 13 19  9  8  1  8  2 14  2  2  5 14 10  1  4  8 15  6  2  1 15
 17  2  7  2  6  1  8  3  1  7  2 14  2  0 16  7  1  1 12  1  2  2]
step 184, training (test) accuracy 0.723404, cost 19.5563
[ 4 15  0  8 13 19 17  8  1 14  2  8  2  2 10  2 10  2  4  8 15  6  2  2 15
 17  2  7  2  6  1  8  3  2  7  2  8  2  0 16  7  1  6 12  8  1  2]
[18 15  0  8 13 19  9  8  1  8  2 14  2  2  5 14 10  1  4  8 15  6  2  1 15
 17  2  7  2  6  1  8  3  1  7  2 14  2  0 16  7  1  1 12  1  2  2]
step 185, training (test) accuracy 0.723404, cost 19.593
[ 4 15  0  8 13 19 19  8  1 14  2  8  2  2 10  2 10  2  4  8 15  6  2  2 15
 17  2  7  2  6  1  8  3  2  7  2  8  2  0 16  7  1  6 12  8  1  2]
[18 15  0  8 13 19  9  8  1  8  2 14  2  2  5 14 10  1  4  8 15  6  2  1 15
 17  2  7  2  6  1  8  3  1  7  2 14  2  0 16  7  1  1 12  1  2  2]
step 195, training (test) accuracy 0.723404, cost 22.2302
[18 15  0  8 14 19 19  8  1 14 14  8  2  2 10  2 10  1  4  8 15  6  2  2 15
  2  2  7  2  6  1  8  3  2  7  1  8  2  0 16  7  1  1 12  1 11  2]
[18 15  0  8 13 19  9  8  1  8  2 14  2  2  5 14 10  1  4  8 15  6  2  1 15
 17  2  7  2  6  1  8  3  1  7  2 14  2  0 16  7  1  1 12  1  2  2]
step 200, training (test) accuracy 0.595745, cost 25.1966
step 200, training (test) accuracy 0.595745, cost 25.7594
step 200, training (test) accuracy 0.595745, cost 26.116
step 200, training (test) accuracy 0.595745, cost 26.1876
step 225, training (test) accuracy 0.595745, cost 19.8643
step 225, training (test) accuracy 0.617021, cost 20.0081
step 225, training (test) accuracy 0.617021, cost 20.292
step 225, training (test) accuracy 0.617021, cost 20.616
step 250, training (test) accuracy 0.659574, cost 21.2289
step 250, training (test) accuracy 0.659574, cost 21.2528
step 250, training (test) accuracy 0.659574, cost 21.1761
step 250, training (test) accuracy 0.659574, cost 21.0785
step 275, training (test) accuracy 0.617021, cost 24.3014
step 275, training (test) accuracy 0.617021, cost 23.6741
step 275, training (test) accuracy 0.617021, cost 23.3135
step 275, training (test) accuracy 0.595745, cost 23.2572
step 280, training (test) accuracy 0.723404, cost 22.0912
[18 15  0  8 13 19 17  8  1 14 14  8  2  2 10  2 10  1  4  8 15  6  2  2 15
  2  2  7  2  6 17  8  3  2  7  1  8  2  0 16  7  1  1 12  1  1  2]
[18 15  0  8 13 19  9  8  1  8  2 14  2  2  5 14 10  1  4  8 15  6  2  1 15
 17  2  7  2  6  1  8  3  1  7  2 14  2  0 16  7  1  1 12  1  2  2]
step 280, training (test) accuracy 0.723404, cost 22.2479
[18 15  0  8 13 19 17  8  1 14 14  8  2  2 10  5 10  1  4  8 15  6  2  2 15
  2  2  7  2  6 17  8  3  2  7  1  8  2  0 16  7  1  1 12  1  1  2]
[18 15  0  8 13 19  9  8  1  8  2 14  2  2  5 14 10  1  4  8 15  6  2  1 15
 17  2  7  2  6  1  8  3  1  7  2 14  2  0 16  7  1  1 12  1  2  2]
step 280, training (test) accuracy 0.723404, cost 22.4165
[18 15  0  8 13 19 17  8  1 14 14  8  2  2 10  5 10  1  4  8 15  6  2  2 15
  2  2  7  2  6 17  8  3  2  7  1  8  2  0 16  7  1  1 12  1  1  2]
[18 15  0  8 13 19  9  8  1  8  2 14  2  2  5 14 10  1  4  8 15  6  2  1 15
 17  2  7  2  6  1  8  3  1  7  2 14  2  0 16  7  1  1 12  1  2  2]
step 287, training (test) accuracy 0.723404, cost 19.9293
[18 15  0  8 13 19 17 17  1 14  2  8  2  2 10  2 10  1  4  8 15  6  2  2 15
  2  2  7  2  6 17  8  3  2  7  1  8  2  0 16  7  1  1 12  1 11  2]
[18 15  0  8 13 19  9  8  1  8  2 14  2  2  5 14 10  1  4  8 15  6  2  1 15
 17  2  7  2  6  1  8  3  1  7  2 14  2  0 16  7  1  1 12  1  2  2]
step 290, training (test) accuracy 0.744681, cost 24.3544
[ 4 15  0  8 13 19 17  8  1 14  2  8  2  2 10 14 10  1  4  8 15  6  2  2 15
  2  2  7  2  6 17  8 12  2  7  2  8  2  0 16  7  1  1 12  1 11  2]
[18 15  0  8 13 19  9  8  1  8  2 14  2  2  5 14 10  1  4  8 15  6  2  1 15
 17  2  7  2  6  1  8  3  1  7  2 14  2  0 16  7  1  1 12  1  2  2]
step 300, training (test) accuracy 0.659574, cost 22.6303
step 300, training (test) accuracy 0.659574, cost 22.2799
step 300, training (test) accuracy 0.680851, cost 22.1179
step 300, training (test) accuracy 0.680851, cost 21.9702
step 325, training (test) accuracy 0.638298, cost 22.5466
step 325, training (test) accuracy 0.638298, cost 22.4239
step 325, training (test) accuracy 0.638298, cost 22.2726
step 325, training (test) accuracy 0.638298, cost 22.1194
step 342, training (test) accuracy 0.744681, cost 18.4554
[18 15  0  8 13 19 17  8  1 14  2  8  2  2 10 14 10  1  4  8 15  6  2  2 15
  2  2  7  1  6 17  8  3  2  7  2  8  2  0 16  7  1  1 12  6 11  2]
[18 15  0  8 13 19  9  8  1  8  2 14  2  2  5 14 10  1  4  8 15  6  2  1 15
 17  2  7  2  6  1  8  3  1  7  2 14  2  0 16  7  1  1 12  1  2  2]
step 342, training (test) accuracy 0.744681, cost 18.6084
[18 15  0  8 13 19 17  8  1 14  2  8  2  2 10 14 10  1  4  8 15  6  2  2 15
  2  2  7  1  6 17  8  3  2  7  2  8  2  0 16  7  1  1 12  6 11  2]
[18 15  0  8 13 19  9  8  1  8  2 14  2  2  5 14 10  1  4  8 15  6  2  1 15
 17  2  7  2  6  1  8  3  1  7  2 14  2  0 16  7  1  1 12  1  2  2]
step 342, training (test) accuracy 0.744681, cost 18.697
[18 15  0  8 13 19 17  8  1 14  2  8  2  2 10 14 10  1  4  8 15  6  2  2 15
  2  2  7  1  6 17  8  3  2  7  2  8  2  0 16  7  1  1 12  6 11  2]
[18 15  0  8 13 19  9  8  1  8  2 14  2  2  5 14 10  1  4  8 15  6  2  1 15
 17  2  7  2  6  1  8  3  1  7  2 14  2  0 16  7  1  1 12  1  2  2]
step 342, training (test) accuracy 0.744681, cost 18.7933
[18 15  0  8 13 19 19  8  1 14  2  8  2  2 10 14 10  1  4  8 15  6  2  2 15
  2  2  7  1  6 17  8  3  2  7  2  8  2  0 16  7  1  1 12  6 11  2]
[18 15  0  8 13 19  9  8  1  8  2 14  2  2  5 14 10  1  4  8 15  6  2  1 15
 17  2  7  2  6  1  8  3  1  7  2 14  2  0 16  7  1  1 12  1  2  2]
step 343, training (test) accuracy 0.744681, cost 18.9533
[18 15  0  8 13 19 19  8  1 14  2  8  2  2 10 14 10  1  4  8 15  6  2  2 15
  2  2  7  2  6 17  8  3  2  7  2  8  2  0 16  7  1  6 12  6 11  2]
[18 15  0  8 13 19  9  8  1  8  2 14  2  2  5 14 10  1  4  8 15  6  2  1 15
 17  2  7  2  6  1  8  3  1  7  2 14  2  0 16  7  1  1 12  1  2  2]
step 343, training (test) accuracy 0.744681, cost 19.2903
[18 15  0  8 13 19 19  8  1 14  2  8  2  2 10 14 10  1  4  8 15  6  2  2 15
  2  2  7  2  6 17  8  3  2  7  2  8  2  0 16  7  1  6 12  6 11  2]
[18 15  0  8 13 19  9  8  1  8  2 14  2  2  5 14 10  1  4  8 15  6  2  1 15
 17  2  7  2  6  1  8  3  1  7  2 14  2  0 16  7  1  1 12  1  2  2]
step 350, training (test) accuracy 0.702128, cost 24.1624
step 350, training (test) accuracy 0.702128, cost 23.8777
step 350, training (test) accuracy 0.702128, cost 23.6604
step 350, training (test) accuracy 0.702128, cost 23.5325
step 351, training (test) accuracy 0.744681, cost 23.2769
[18 15  0  8 13 19 19  8  1 14  2  8  2  2 10 14 10  1  4  8 15  6  2  2 15
  2  2  7  1  6 17  8  3  2  7  1  8  2  0 16  7  1  1 12  1  1  2]
[18 15  0  8 13 19  9  8  1  8  2 14  2  2  5 14 10  1  4  8 15  6  2  1 15
 17  2  7  2  6  1  8  3  1  7  2 14  2  0 16  7  1  1 12  1  2  2]
step 351, training (test) accuracy 0.744681, cost 23.1543
[18 15  0  8 13 19 19  8  1 14  2  8  2  2 10 14 10  1  4  8 15  6  2  2 15
  2  2  7  1  6 17  8  3  2  7  1  8  2  0 16  7  1  1 12  1  1  2]
[18 15  0  8 13 19  9  8  1  8  2 14  2  2  5 14 10  1  4  8 15  6  2  1 15
 17  2  7  2  6  1  8  3  1  7  2 14  2  0 16  7  1  1 12  1  2  2]
step 352, training (test) accuracy 0.744681, cost 22.6472
[18 15  0  8 13 19 19  8  1 14  2  8  2  2 10 14 10  1  4  8 15  6  2  2 15
  2  2  7  2  6 17  8  3  2  7  1  8  2  0 16  7  1  1 12  2  1  2]
[18 15  0  8 13 19  9  8  1  8  2 14  2  2  5 14 10  1  4  8 15  6  2  1 15
 17  2  7  2  6  1  8  3  1  7  2 14  2  0 16  7  1  1 12  1  2  2]
step 352, training (test) accuracy 0.744681, cost 22.4568
[18 15  0  8 13 19 19  8  1 14  2  8  2  2 10 14 10  1  4  8 15  6  2  2 15
  2  2  7  2  6 17  8  3  2  7  1  8  2  0 16  7  1  1 12  2  1  2]
[18 15  0  8 13 19  9  8  1  8  2 14  2  2  5 14 10  1  4  8 15  6  2  1 15
 17  2  7  2  6  1  8  3  1  7  2 14  2  0 16  7  1  1 12  1  2  2]
step 352, training (test) accuracy 0.765957, cost 22.3036
[18 15  0  8 13 19 19  8  1 14  2  8  2  2 10 14 10  1  4  8 15  6  2  2 15
  2  2  7  2  6 17  8  3  2  7  2  8  2  0 16  7  1  1 12  2  1  2]
[18 15  0  8 13 19  9  8  1  8  2 14  2  2  5 14 10  1  4  8 15  6  2  1 15
 17  2  7  2  6  1  8  3  1  7  2 14  2  0 16  7  1  1 12  1  2  2]
step 353, training (test) accuracy 0.765957, cost 22.2232
[18 15  0  8 13 19 19  8  1 14  2  8  2  2 10 14 10  1  4  8 15  6  2  2 15
  2  2  7  2  6 17  8  3  2  7  2  8  2  0 16  7  1  1 12  2  1  2]
[18 15  0  8 13 19  9  8  1  8  2 14  2  2  5 14 10  1  4  8 15  6  2  1 15
 17  2  7  2  6  1  8  3  1  7  2 14  2  0 16  7  1  1 12  1  2  2]
step 375, training (test) accuracy 0.702128, cost 20.715
step 375, training (test) accuracy 0.702128, cost 20.8404
step 375, training (test) accuracy 0.702128, cost 20.9798
step 375, training (test) accuracy 0.702128, cost 20.8373
step 400, training (test) accuracy 0.680851, cost 23.171
step 400, training (test) accuracy 0.680851, cost 23.5988
step 400, training (test) accuracy 0.680851, cost 23.7625
step 400, training (test) accuracy 0.680851, cost 23.4345
step 412, training (test) accuracy 0.765957, cost 19.6284
[18 15  0  8 13 19 19  8  1 14  2  8  2  2 10 14 10  1  4  8 15  6  2  2 15
 17  2  7  1  6 17  8  3  2  7  2 14  2  0 16  7  1  2 12  8 11  2]
[18 15  0  8 13 19  9  8  1  8  2 14  2  2  5 14 10  1  4  8 15  6  2  1 15
 17  2  7  2  6  1  8  3  1  7  2 14  2  0 16  7  1  1 12  1  2  2]
step 413, training (test) accuracy 0.765957, cost 19.7727
[18 15  0  8 13 19 19  8  1 14  2  8  2  2 10 14 10  1  4  8 15  6  2  2 15
 17  2  7  1  6 17  8  3  2  7  2 14  2  0 16  7  1  2 12  8 11  2]
[18 15  0  8 13 19  9  8  1  8  2 14  2  2  5 14 10  1  4  8 15  6  2  1 15
 17  2  7  2  6  1  8  3  1  7  2 14  2  0 16  7  1  1 12  1  2  2]
step 425, training (test) accuracy 0.510638, cost 27.2948
step 425, training (test) accuracy 0.531915, cost 26.9501
step 425, training (test) accuracy 0.510638, cost 26.7441
step 425, training (test) accuracy 0.574468, cost 25.8827
step 450, training (test) accuracy 0.638298, cost 20.2378
step 450, training (test) accuracy 0.638298, cost 20.4801
step 450, training (test) accuracy 0.638298, cost 20.7069
step 450, training (test) accuracy 0.659574, cost 20.73
step 475, training (test) accuracy 0.638298, cost 22.6171
step 475, training (test) accuracy 0.638298, cost 22.4879
step 475, training (test) accuracy 0.638298, cost 22.3228
step 475, training (test) accuracy 0.638298, cost 22.2275
step 500, training (test) accuracy 0.680851, cost 23.4769
step 500, training (test) accuracy 0.680851, cost 23.5646
step 500, training (test) accuracy 0.659574, cost 23.6998
step 500, training (test) accuracy 0.659574, cost 23.6521
step 509, training (test) accuracy 0.765957, cost 19.6621
[18 15  0  8 13 19 17  8  1 14  2 14  2  2 10 14 10  1  4  8 15  6  2  2 15
  2  2  7  2  6 17  8  3  2  7  2  8  2  0 16  7  1  6 12  6 11  2]
[18 15  0  8 13 19  9  8  1  8  2 14  2  2  5 14 10  1  4  8 15  6  2  1 15
 17  2  7  2  6  1  8  3  1  7  2 14  2  0 16  7  1  1 12  1  2  2]
step 509, training (test) accuracy 0.765957, cost 19.825
[18 15  0  8 13 19 17  8  1 14  2 14  2  2 10 14 10  1  4  8 15  6  2  2 15
  2  2  7  2  6 17  8  3  2  7  2  8  2  0 16  7  1  6 12  6 11  2]
[18 15  0  8 13 19  9  8  1  8  2 14  2  2  5 14 10  1  4  8 15  6  2  1 15
 17  2  7  2  6  1  8  3  1  7  2 14  2  0 16  7  1  1 12  1  2  2]
step 509, training (test) accuracy 0.787234, cost 19.9841
[18 15  0  8 13 19 17  8  1 14  2 14  2  2 10 14 10  1  4  8 15  6  2  2 15
  2  2  7  2  6 17  8  3  2  7  2  8  2  0 16  7  1  6 12  1 11  2]
[18 15  0  8 13 19  9  8  1  8  2 14  2  2  5 14 10  1  4  8 15  6  2  1 15
 17  2  7  2  6  1  8  3  1  7  2 14  2  0 16  7  1  1 12  1  2  2]
step 525, training (test) accuracy 0.638298, cost 24.7735
step 525, training (test) accuracy 0.617021, cost 25.3269
step 525, training (test) accuracy 0.617021, cost 25.756
step 525, training (test) accuracy 0.595745, cost 26.2745
step 550, training (test) accuracy 0.617021, cost 22.1908
step 550, training (test) accuracy 0.617021, cost 21.9629
step 550, training (test) accuracy 0.638298, cost 21.8133
step 550, training (test) accuracy 0.659574, cost 21.6784
step 575, training (test) accuracy 0.702128, cost 19.2208
step 575, training (test) accuracy 0.702128, cost 19.1361
step 575, training (test) accuracy 0.702128, cost 19.0443
step 575, training (test) accuracy 0.702128, cost 18.9753
step 600, training (test) accuracy 0.659574, cost 23.0453
step 600, training (test) accuracy 0.659574, cost 23.2233
step 600, training (test) accuracy 0.680851, cost 22.8571
step 600, training (test) accuracy 0.723404, cost 22.8764
step 625, training (test) accuracy 0.659574, cost 20.0075
step 625, training (test) accuracy 0.638298, cost 20.1594
step 625, training (test) accuracy 0.617021, cost 20.452
step 625, training (test) accuracy 0.595745, cost 20.736
step 650, training (test) accuracy 0.617021, cost 21.5112
step 650, training (test) accuracy 0.638298, cost 21.6067
step 650, training (test) accuracy 0.638298, cost 21.8054
step 650, training (test) accuracy 0.638298, cost 21.9119
step 675, training (test) accuracy 0.617021, cost 25.1042
step 675, training (test) accuracy 0.617021, cost 25.0128
step 675, training (test) accuracy 0.617021, cost 24.9216
step 675, training (test) accuracy 0.617021, cost 24.9458
step 700, training (test) accuracy 0.617021, cost 23.5287
step 700, training (test) accuracy 0.617021, cost 23.7709
step 700, training (test) accuracy 0.595745, cost 24.2352
step 700, training (test) accuracy 0.574468, cost 24.3903
step 725, training (test) accuracy 0.659574, cost 22.8342
step 725, training (test) accuracy 0.659574, cost 22.6275
step 725, training (test) accuracy 0.638298, cost 22.4765
step 725, training (test) accuracy 0.638298, cost 22.3299
step 750, training (test) accuracy 0.617021, cost 22.4517
step 750, training (test) accuracy 0.617021, cost 22.3859
step 750, training (test) accuracy 0.617021, cost 22.3286
step 750, training (test) accuracy 0.595745, cost 22.2635
step 775, training (test) accuracy 0.638298, cost 21.3187
step 775, training (test) accuracy 0.702128, cost 21.1093
step 775, training (test) accuracy 0.680851, cost 21.0216
step 775, training (test) accuracy 0.680851, cost 20.7992
step 800, training (test) accuracy 0.574468, cost 25.3917
step 800, training (test) accuracy 0.574468, cost 25.7808
step 800, training (test) accuracy 0.553191, cost 25.8125
step 800, training (test) accuracy 0.553191, cost 25.9253
step 825, training (test) accuracy 0.638298, cost 23.9994
step 825, training (test) accuracy 0.638298, cost 23.8124
step 825, training (test) accuracy 0.638298, cost 23.6115
step 825, training (test) accuracy 0.617021, cost 23.4202
step 850, training (test) accuracy 0.723404, cost 20.366
step 850, training (test) accuracy 0.723404, cost 20.5702
step 850, training (test) accuracy 0.723404, cost 20.7731
step 850, training (test) accuracy 0.638298, cost 21.0076
step 875, training (test) accuracy 0.659574, cost 22.9443
step 875, training (test) accuracy 0.659574, cost 23.4509
step 875, training (test) accuracy 0.638298, cost 24.7715
step 875, training (test) accuracy 0.638298, cost 26.0621
step 900, training (test) accuracy 0.617021, cost 22.027
step 900, training (test) accuracy 0.617021, cost 22.1262
step 900, training (test) accuracy 0.595745, cost 22.191
step 900, training (test) accuracy 0.595745, cost 22.0087
step 925, training (test) accuracy 0.659574, cost 19.6271
step 925, training (test) accuracy 0.659574, cost 19.6616
step 925, training (test) accuracy 0.659574, cost 19.6961
step 925, training (test) accuracy 0.659574, cost 19.7858
step 950, training (test) accuracy 0.702128, cost 25.6442
step 950, training (test) accuracy 0.680851, cost 25.6043
step 950, training (test) accuracy 0.659574, cost 25.8069
step 950, training (test) accuracy 0.638298, cost 26.2876
step 975, training (test) accuracy 0.553191, cost 22.4308
step 975, training (test) accuracy 0.553191, cost 22.6137
step 975, training (test) accuracy 0.553191, cost 22.6456
step 975, training (test) accuracy 0.553191, cost 22.6608
step 1000, training (test) accuracy 0.638298, cost 22.7791
step 1000, training (test) accuracy 0.638298, cost 22.6716
step 1000, training (test) accuracy 0.638298, cost 22.4946
step 1000, training (test) accuracy 0.638298, cost 22.3979
step 1025, training (test) accuracy 0.659574, cost 23.7136
step 1025, training (test) accuracy 0.659574, cost 23.364
step 1025, training (test) accuracy 0.659574, cost 22.985
step 1025, training (test) accuracy 0.638298, cost 22.6685
step 1050, training (test) accuracy 0.638298, cost 18.7066
step 1050, training (test) accuracy 0.638298, cost 18.7068
step 1050, training (test) accuracy 0.638298, cost 18.8034
step 1050, training (test) accuracy 0.617021, cost 18.954
step 1075, training (test) accuracy 0.680851, cost 21.32
step 1075, training (test) accuracy 0.680851, cost 21.1678
step 1075, training (test) accuracy 0.680851, cost 21.0496
step 1075, training (test) accuracy 0.680851, cost 21.3777
step 1100, training (test) accuracy 0.595745, cost 22.5372
step 1100, training (test) accuracy 0.595745, cost 23.0099
step 1100, training (test) accuracy 0.595745, cost 23.4374
step 1100, training (test) accuracy 0.617021, cost 23.9235
step 1125, training (test) accuracy 0.680851, cost 21.3279
step 1125, training (test) accuracy 0.702128, cost 21.3267
step 1125, training (test) accuracy 0.723404, cost 21.3169
step 1125, training (test) accuracy 0.723404, cost 21.3543
step 1150, training (test) accuracy 0.659574, cost 16.8219
step 1150, training (test) accuracy 0.680851, cost 17.3786
step 1150, training (test) accuracy 0.659574, cost 18.2285
step 1150, training (test) accuracy 0.659574, cost 18.4086
step 1175, training (test) accuracy 0.617021, cost 17.6544
step 1175, training (test) accuracy 0.595745, cost 17.9817
step 1175, training (test) accuracy 0.595745, cost 18.6278
step 1175, training (test) accuracy 0.595745, cost 19.0792
step 1200, training (test) accuracy 0.659574, cost 18.7123
step 1200, training (test) accuracy 0.659574, cost 18.7205
step 1200, training (test) accuracy 0.659574, cost 18.7322
step 1200, training (test) accuracy 0.659574, cost 18.7371
step 1225, training (test) accuracy 0.617021, cost 20.3693
step 1225, training (test) accuracy 0.595745, cost 20.4718
step 1225, training (test) accuracy 0.595745, cost 20.615
step 1225, training (test) accuracy 0.638298, cost 20.6415
step 1250, training (test) accuracy 0.723404, cost 17.7765
step 1250, training (test) accuracy 0.723404, cost 17.5855
step 1250, training (test) accuracy 0.723404, cost 17.5725
step 1250, training (test) accuracy 0.723404, cost 17.6202
step 1275, training (test) accuracy 0.702128, cost 20.7888
step 1275, training (test) accuracy 0.702128, cost 20.9868
step 1275, training (test) accuracy 0.702128, cost 21.1196
step 1275, training (test) accuracy 0.702128, cost 21.4508
step 1300, training (test) accuracy 0.680851, cost 21.5294
step 1300, training (test) accuracy 0.680851, cost 21.7136
step 1300, training (test) accuracy 0.702128, cost 20.7929
step 1300, training (test) accuracy 0.702128, cost 20.3036
step 1325, training (test) accuracy 0.617021, cost 21.1607
step 1325, training (test) accuracy 0.595745, cost 21.3717
step 1325, training (test) accuracy 0.574468, cost 22.3552
step 1325, training (test) accuracy 0.595745, cost 23.3025
step 1350, training (test) accuracy 0.595745, cost 29.7694
step 1350, training (test) accuracy 0.595745, cost 28.042
step 1350, training (test) accuracy 0.617021, cost 26.7937
step 1350, training (test) accuracy 0.595745, cost 25.8322
step 1375, training (test) accuracy 0.595745, cost 24.8287
step 1375, training (test) accuracy 0.617021, cost 23.1752
step 1375, training (test) accuracy 0.617021, cost 22.2544
step 1375, training (test) accuracy 0.617021, cost 21.8597
step 1400, training (test) accuracy 0.638298, cost 19.0716
step 1400, training (test) accuracy 0.659574, cost 19.1422
step 1400, training (test) accuracy 0.638298, cost 19.4429
step 1400, training (test) accuracy 0.617021, cost 19.82
step 1425, training (test) accuracy 0.617021, cost 23.8858
step 1425, training (test) accuracy 0.617021, cost 23.9533
step 1425, training (test) accuracy 0.617021, cost 24.0149
step 1425, training (test) accuracy 0.617021, cost 24.0736
step 1450, training (test) accuracy 0.702128, cost 26.5785
step 1450, training (test) accuracy 0.680851, cost 26.6588
step 1450, training (test) accuracy 0.680851, cost 26.0502
step 1450, training (test) accuracy 0.680851, cost 25.5167
step 1475, training (test) accuracy 0.702128, cost 28.3153
step 1475, training (test) accuracy 0.680851, cost 28.4031
step 1475, training (test) accuracy 0.659574, cost 28.6113
step 1475, training (test) accuracy 0.680851, cost 28.8095
step 1500, training (test) accuracy 0.574468, cost 25.3784
step 1500, training (test) accuracy 0.574468, cost 24.3793
step 1500, training (test) accuracy 0.553191, cost 23.5531
step 1500, training (test) accuracy 0.574468, cost 22.8029
step 1525, training (test) accuracy 0.638298, cost 26.1052
step 1525, training (test) accuracy 0.659574, cost 26.1733
step 1525, training (test) accuracy 0.659574, cost 26.2363
step 1525, training (test) accuracy 0.659574, cost 26.2833
step 1550, training (test) accuracy 0.638298, cost 16.1022
step 1550, training (test) accuracy 0.659574, cost 16.087
step 1550, training (test) accuracy 0.659574, cost 16.0777
step 1550, training (test) accuracy 0.659574, cost 16.0682
step 1575, training (test) accuracy 0.702128, cost 18.981
step 1575, training (test) accuracy 0.702128, cost 19.1797
step 1575, training (test) accuracy 0.702128, cost 19.3641
step 1575, training (test) accuracy 0.659574, cost 19.5833
step 1600, training (test) accuracy 0.680851, cost 18.4319
step 1600, training (test) accuracy 0.659574, cost 19.0969
step 1600, training (test) accuracy 0.680851, cost 20.1205
step 1600, training (test) accuracy 0.659574, cost 21.2493
step 1625, training (test) accuracy 0.574468, cost 25.6199
step 1625, training (test) accuracy 0.574468, cost 25.6333
step 1625, training (test) accuracy 0.574468, cost 25.4139
step 1625, training (test) accuracy 0.574468, cost 25.3038
step 1650, training (test) accuracy 0.680851, cost 29.694
step 1650, training (test) accuracy 0.680851, cost 29.0002
step 1650, training (test) accuracy 0.680851, cost 28.4149
step 1650, training (test) accuracy 0.680851, cost 27.9784
step 1675, training (test) accuracy 0.553191, cost 30.641
step 1675, training (test) accuracy 0.595745, cost 30.6701
step 1675, training (test) accuracy 0.574468, cost 30.747
step 1675, training (test) accuracy 0.574468, cost 30.8605
step 1700, training (test) accuracy 0.574468, cost 25.2507
step 1700, training (test) accuracy 0.574468, cost 25.0601
step 1700, training (test) accuracy 0.595745, cost 24.7141
step 1700, training (test) accuracy 0.595745, cost 24.2815
step 1725, training (test) accuracy 0.617021, cost 26.5876
step 1725, training (test) accuracy 0.617021, cost 26.4288
step 1725, training (test) accuracy 0.617021, cost 26.3004
step 1725, training (test) accuracy 0.638298, cost 26.1906
step 1750, training (test) accuracy 0.638298, cost 27.4519
step 1750, training (test) accuracy 0.638298, cost 27.4306
step 1750, training (test) accuracy 0.638298, cost 27.4132
step 1750, training (test) accuracy 0.638298, cost 27.3963
step 1775, training (test) accuracy 0.638298, cost 23.2794
step 1775, training (test) accuracy 0.638298, cost 23.2799
step 1775, training (test) accuracy 0.638298, cost 23.2803
step 1775, training (test) accuracy 0.638298, cost 23.2806
step 1800, training (test) accuracy 0.638298, cost 23.2842
step 1800, training (test) accuracy 0.638298, cost 23.2842
step 1800, training (test) accuracy 0.638298, cost 23.2842
step 1800, training (test) accuracy 0.638298, cost 23.2842
step 1825, training (test) accuracy 0.617021, cost 20.784
step 1825, training (test) accuracy 0.617021, cost 20.777
step 1825, training (test) accuracy 0.617021, cost 20.7707
step 1825, training (test) accuracy 0.617021, cost 20.765
step 1850, training (test) accuracy 0.574468, cost 27.6973
step 1850, training (test) accuracy 0.531915, cost 29.7603
step 1850, training (test) accuracy 0.510638, cost 30.3921
step 1850, training (test) accuracy 0.531915, cost 30.7758
step 1875, training (test) accuracy 0.510638, cost 30.6049
step 1875, training (test) accuracy 0.510638, cost 31.2687
step 1875, training (test) accuracy 0.510638, cost 32.4041
step 1875, training (test) accuracy 0.489362, cost 33.7804
step 1900, training (test) accuracy 0.574468, cost 29.4456
step 1900, training (test) accuracy 0.531915, cost 31.6284
step 1900, training (test) accuracy 0.553191, cost 34.2019
step 1900, training (test) accuracy 0.553191, cost 36.4576
step 1925, training (test) accuracy 0.595745, cost 36.8343
step 1925, training (test) accuracy 0.659574, cost 35.3234
step 1925, training (test) accuracy 0.659574, cost 34.3492
step 1925, training (test) accuracy 0.659574, cost 33.6881
step 1950, training (test) accuracy 0.595745, cost 24.9741
step 1950, training (test) accuracy 0.595745, cost 24.998
step 1950, training (test) accuracy 0.617021, cost 25.0618
step 1950, training (test) accuracy 0.617021, cost 25.1423
step 1975, training (test) accuracy 0.617021, cost 22.892
step 1975, training (test) accuracy 0.617021, cost 22.627
step 1975, training (test) accuracy 0.595745, cost 22.5199
step 1975, training (test) accuracy 0.617021, cost 22.4655
Finished learning...
0.638298
